#
# A fatal error has been detected by the Java Runtime Environment:
#
#  EXCEPTION_ACCESS_VIOLATION (0xc0000005) at pc=0x00007ffd94754612, pid=67024, tid=0x00000000000046fc
#
# JRE version: Java(TM) SE Runtime Environment (8.0_202-b08) (build 1.8.0_202-b08)
# Java VM: Java HotSpot(TM) 64-Bit Server VM (25.202-b08 mixed mode windows-amd64 compressed oops)
# Problematic frame:
# C  [ig12icd64.dll+0x2e4612]
#
# Failed to write core dump. Minidumps are not enabled by default on client versions of Windows
#
# If you would like to submit a bug report, please visit:
#   http://bugreport.java.com/bugreport/crash.jsp
# The crash happened outside the Java Virtual Machine in native code.
# See problematic frame for where to report the bug.
#

---------------  T H R E A D  ---------------

Current thread (0x000000001fda9800):  JavaThread "AWT-EventQueue-0" [_thread_in_native, id=18172, stack(0x0000000020fa0000,0x00000000210a0000)]

siginfo: ExceptionCode=0xc0000005, reading address 0x00007ffd95537fd8

Registers:
RAX=0x0000000000007ffd, RBX=0x000000002109d870, RCX=0x000000000019ff64, RDX=0x000000002109da80
RSP=0x000000002109d568, RBP=0x000000002109d670, RSI=0x0000000000000001, RDI=0x000000002109d870
R8 =0x000000002109d6a0, R9 =0x000000002109da80, R10=0x0000000000000400, R11=0x000000002109d910
R12=0x0000000000000000, R13=0x0000000023514140, R14=0x00007ffd95398050, R15=0x0000000000000000
RIP=0x00007ffd94754612, EFLAGS=0x0000000000010202

Top of Stack: (sp=0x000000002109d568)
0x000000002109d568:   00007ffd94752e6e 000000002109da80
0x000000002109d578:   000000002109d670 0000000000000000
0x000000002109d588:   0000000000000000 0000000061040001
0x000000002109d598:   0000000000000000 0000000000000000
0x000000002109d5a8:   000000002109d6d8 0000000000000002
0x000000002109d5b8:   00007ffd94e4af96 0000000000000000
0x000000002109d5c8:   00007ffd9464cbd2 000000002109d740
0x000000002109d5d8:   0000000000000000 001000027a000004
0x000000002109d5e8:   0000000000000000 0000000000000000
0x000000002109d5f8:   000000002109d870 00003e8c7b9efe7d
0x000000002109d608:   00007ffdea71b86b 0000000001c80112
0x000000002109d618:   000000000000004f 000000002ccd0d10
0x000000002109d628:   00007ffdea71b86b 0000000004040279
0x000000002109d638:   0000000000000057 0000000023d9e840
0x000000002109d648:   0000000000b61440 00000000009a00f5
0x000000002109d658:   0000000000b60000 0000000000000000 

Instructions: (pc=0x00007ffd94754612)
0x00007ffd947545f2:   31 08 41 89 40 44 42 8b 44 31 0c 41 89 40 48 42
0x00007ffd94754602:   8b 44 31 10 41 89 40 4c 48 63 43 78 48 6b c8 34
0x00007ffd94754612:   42 8b 44 31 24 41 89 40 50 42 8b 44 31 28 41 89
0x00007ffd94754622:   40 54 42 8b 44 31 2c 41 89 40 58 42 8b 44 31 30 


Register to memory mapping:

RAX=0x0000000000007ffd is an unknown value
RBX=0x000000002109d870 is pointing into the stack for thread: 0x000000001fda9800
RCX=0x000000000019ff64 is an unknown value
RDX=0x000000002109da80 is pointing into the stack for thread: 0x000000001fda9800
RSP=0x000000002109d568 is pointing into the stack for thread: 0x000000001fda9800
RBP=0x000000002109d670 is pointing into the stack for thread: 0x000000001fda9800
RSI=0x0000000000000001 is an unknown value
RDI=0x000000002109d870 is pointing into the stack for thread: 0x000000001fda9800
R8 =0x000000002109d6a0 is pointing into the stack for thread: 0x000000001fda9800
R9 =0x000000002109da80 is pointing into the stack for thread: 0x000000001fda9800
R10=0x0000000000000400 is an unknown value
R11=0x000000002109d910 is pointing into the stack for thread: 0x000000001fda9800
R12=0x0000000000000000 is an unknown value
R13={method} {0x0000000023514148} 'dispatch_glClear1' '(IJ)V' in 'jogamp/opengl/gl4/GL4bcImpl'
R14=0x00007ffd95398050 is an unknown value
R15=0x0000000000000000 is an unknown value


Stack: [0x0000000020fa0000,0x00000000210a0000],  sp=0x000000002109d568,  free space=1013k
Native frames: (J=compiled Java code, j=interpreted, Vv=VM code, C=native code)
C  [ig12icd64.dll+0x2e4612]
C  [ig12icd64.dll+0x2e2e6e]
C  [ig12icd64.dll+0x2e7f49]
C  [ig12icd64.dll+0xae7d5]
C  [ig12icd64.dll+0xaf234]
C  [ig12icd64.dll+0x1c327b]
C  [ig12icd64.dll+0xa103c3]
C  0x0000000003171df0

Java frames: (J=compiled Java code, j=interpreted, Vv=VM code)
j  jogamp.opengl.gl4.GL4bcImpl.dispatch_glClear1(IJ)V+0
j  jogamp.opengl.gl4.GL4bcImpl.glClear(I)V+46
j  processing.opengl.PJOGL.clear(I)V+5
j  processing.opengl.PGL.endDraw(Z)V+40
j  processing.opengl.PJOGL.endDraw(Z)V+158
j  processing.opengl.PGraphicsOpenGL.endOnscreenDraw()V+8
j  processing.opengl.PGraphicsOpenGL.endDraw()V+62
j  processing.core.PApplet.handleDraw()V+270
j  processing.opengl.PJOGL$PGLListener.display(Ljavax/media/opengl/GLAutoDrawable;)V+494
j  jogamp.opengl.GLDrawableHelper.displayImpl(Ljavax/media/opengl/GLAutoDrawable;)V+81
j  jogamp.opengl.GLDrawableHelper.display(Ljavax/media/opengl/GLAutoDrawable;)V+2
j  javax.media.opengl.awt.GLCanvas$10.run()V+118
j  jogamp.opengl.GLDrawableHelper.invokeGLImpl(Ljavax/media/opengl/GLDrawable;Ljavax/media/opengl/GLContext;Ljava/lang/Runnable;Ljava/lang/Runnable;)V+203
j  jogamp.opengl.GLDrawableHelper.invokeGL(Ljavax/media/opengl/GLDrawable;Ljavax/media/opengl/GLContext;Ljava/lang/Runnable;Ljava/lang/Runnable;)V+72
j  javax.media.opengl.awt.GLCanvas$11.run()V+73
j  java.awt.event.InvocationEvent.dispatch$$$capture()V+11
j  java.awt.event.InvocationEvent.dispatch()V+5
j  java.awt.EventQueue.dispatchEventImpl(Ljava/awt/AWTEvent;Ljava/lang/Object;)V+21
j  java.awt.EventQueue.access$500(Ljava/awt/EventQueue;Ljava/awt/AWTEvent;Ljava/lang/Object;)V+3
j  java.awt.EventQueue$3.run()Ljava/lang/Void;+32
j  java.awt.EventQueue$3.run()Ljava/lang/Object;+1
v  ~StubRoutines::call_stub
j  java.security.AccessController.doPrivileged(Ljava/security/PrivilegedAction;Ljava/security/AccessControlContext;)Ljava/lang/Object;+0
j  java.security.ProtectionDomain$JavaSecurityAccessImpl.doIntersectionPrivilege(Ljava/security/PrivilegedAction;Ljava/security/AccessControlContext;Ljava/security/AccessControlContext;)Ljava/lang/Object;+18
j  java.awt.EventQueue.dispatchEvent(Ljava/awt/AWTEvent;)V+46
j  java.awt.EventDispatchThread.pumpOneEventForFilters(I)V+140
j  java.awt.EventDispatchThread.pumpEventsForFilter(ILjava/awt/Conditional;Ljava/awt/EventFilter;)V+35
j  java.awt.EventDispatchThread.pumpEventsForHierarchy(ILjava/awt/Conditional;Ljava/awt/Component;)V+11
j  java.awt.EventDispatchThread.pumpEvents(ILjava/awt/Conditional;)V+4
j  java.awt.EventDispatchThread.pumpEvents(Ljava/awt/Conditional;)V+3
j  java.awt.EventDispatchThread.run()V+9
v  ~StubRoutines::call_stub

---------------  P R O C E S S  ---------------

Java Threads: ( => current thread )
  0x000000001fdb8000 JavaThread "SIGINT handler" daemon [_thread_blocked, id=70500, stack(0x000000001f360000,0x000000001f460000)]
  0x0000000002f74000 JavaThread "DestroyJavaVM" [_thread_blocked, id=67884, stack(0x0000000001490000,0x0000000001590000)]
  0x000000001fe13000 JavaThread "Animation Thread" [_thread_blocked, id=65380, stack(0x00000000215a0000,0x00000000216a0000)]
=>0x000000001fda9800 JavaThread "AWT-EventQueue-0" [_thread_in_native, id=18172, stack(0x0000000020fa0000,0x00000000210a0000)]
  0x000000001fcbd800 JavaThread "AWT-Shutdown" [_thread_blocked, id=66216, stack(0x00000000204b0000,0x00000000205b0000)]
  0x000000001fcbc000 JavaThread "Java2D Disposer" daemon [_thread_blocked, id=44552, stack(0x00000000203b0000,0x00000000204b0000)]
  0x000000001e9c6000 JavaThread "Service Thread" daemon [_thread_blocked, id=70764, stack(0x000000001f860000,0x000000001f960000)]
  0x000000001e906800 JavaThread "C1 CompilerThread3" daemon [_thread_blocked, id=36088, stack(0x000000001f760000,0x000000001f860000)]
  0x000000001e906000 JavaThread "C2 CompilerThread2" daemon [_thread_blocked, id=69008, stack(0x000000001f660000,0x000000001f760000)]
  0x000000001e905000 JavaThread "C2 CompilerThread1" daemon [_thread_blocked, id=70704, stack(0x000000001f560000,0x000000001f660000)]
  0x000000001e8ba800 JavaThread "C2 CompilerThread0" daemon [_thread_blocked, id=65340, stack(0x000000001f460000,0x000000001f560000)]
  0x000000001e89c000 JavaThread "JDWP Event Helper Thread" daemon [_thread_blocked, id=65944, stack(0x000000001f260000,0x000000001f360000)]
  0x000000001e881800 JavaThread "Attach Listener" daemon [_thread_blocked, id=69644, stack(0x000000001f060000,0x000000001f160000)]
  0x000000001ca8e800 JavaThread "Signal Dispatcher" daemon [_thread_blocked, id=65828, stack(0x000000001ef60000,0x000000001f060000)]
  0x000000001e870800 JavaThread "Finalizer" daemon [_thread_blocked, id=68052, stack(0x000000001ed50000,0x000000001ee50000)]
  0x000000001ca7d000 JavaThread "Reference Handler" daemon [_thread_blocked, id=69820, stack(0x000000001ec50000,0x000000001ed50000)]

Other Threads:
  0x000000001ca79000 VMThread [stack: 0x000000001e750000,0x000000001e850000] [id=71048]

VM state:at safepoint (normal execution)

VM Mutex/Monitor currently owned by a thread:  ([mutex/lock_event])
[0x0000000002f718d0] Threads_lock - owner thread: 0x000000001ca79000

heap address: 0x00000006c3600000, size: 4042 MB, Compressed Oops mode: Zero based, Oop shift amount: 3
Narrow klass base: 0x0000000000000000, Narrow klass shift: 3
Compressed class space size: 1073741824 Address: 0x00000007c0000000

Heap:
 PSYoungGen      total 75776K, used 40626K [0x000000076bd00000, 0x0000000771180000, 0x00000007c0000000)
  eden space 65024K, 48% used [0x000000076bd00000,0x000000076dbdc778,0x000000076fc80000)
  from space 10752K, 83% used [0x000000076fc80000,0x0000000770550458,0x0000000770700000)
  to   space 10752K, 0% used [0x0000000770700000,0x0000000770700000,0x0000000771180000)
 ParOldGen       total 173568K, used 0K [0x00000006c3600000, 0x00000006cdf80000, 0x000000076bd00000)
  object space 173568K, 0% used [0x00000006c3600000,0x00000006c3600000,0x00000006cdf80000)
 Metaspace       used 19397K, capacity 19575K, committed 19712K, reserved 1067008K
  class space    used 1896K, capacity 1955K, committed 2048K, reserved 1048576K

Card table byte_map: [0x0000000012510000,0x0000000012d00000] byte_map_base: 0x000000000eef5000

Marking Bits: (ParMarkBitMap*) 0x0000000062795ce0
 Begin Bits: [0x0000000013a50000, 0x0000000017978000)
 End Bits:   [0x0000000017978000, 0x000000001b8a0000)

Polling page: 0x0000000001040000

CodeCache: size=245760Kb used=4961Kb max_used=4990Kb free=240798Kb
 bounds [0x0000000003150000, 0x0000000003640000, 0x0000000012150000]
 total_blobs=2013 nmethods=1134 adapters=800
 compilation: enabled

Compilation events (10 events):
Event: 8.848 Thread 0x000000001e906800 1130       3       java.io.DataOutputStream::incCount (20 bytes)
Event: 8.848 Thread 0x000000001e906800 nmethod 1130 0x00000000035f5950 code [0x00000000035f5aa0, 0x00000000035f5c30]
Event: 8.848 Thread 0x000000001e906800 1131  s    3       java.io.ByteArrayOutputStream::write (32 bytes)
Event: 8.849 Thread 0x000000001e906800 nmethod 1131 0x00000000035f5210 code [0x00000000035f5380, 0x00000000035f5788]
Event: 13.570 Thread 0x000000001e906800 1132 %     3       processing.opengl.PGL::nativeToJavaARGB @ 21 (264 bytes)
Event: 13.570 Thread 0x000000001e906800 nmethod 1132% 0x00000000035f4290 code [0x00000000035f4440, 0x00000000035f4b30]
Event: 13.570 Thread 0x000000001e906800 1133       3       processing.opengl.PGL::nativeToJavaARGB (264 bytes)
Event: 13.571 Thread 0x000000001e906800 nmethod 1133 0x00000000035f3590 code [0x00000000035f3740, 0x00000000035f3db0]
Event: 13.571 Thread 0x000000001e905000 1134 %     4       processing.opengl.PGL::nativeToJavaARGB @ 21 (264 bytes)
Event: 13.575 Thread 0x000000001e905000 nmethod 1134% 0x00000000035efa10 code [0x00000000035efb60, 0x00000000035f0158]

GC Heap History (2 events):
Event: 1.130 GC heap before
{Heap before GC invocations=1 (full 0):
 PSYoungGen      total 75776K, used 65024K [0x000000076bd00000, 0x0000000771180000, 0x00000007c0000000)
  eden space 65024K, 100% used [0x000000076bd00000,0x000000076fc80000,0x000000076fc80000)
  from space 10752K, 0% used [0x0000000770700000,0x0000000770700000,0x0000000771180000)
  to   space 10752K, 0% used [0x000000076fc80000,0x000000076fc80000,0x0000000770700000)
 ParOldGen       total 173568K, used 0K [0x00000006c3600000, 0x00000006cdf80000, 0x000000076bd00000)
  object space 173568K, 0% used [0x00000006c3600000,0x00000006c3600000,0x00000006cdf80000)
 Metaspace       used 16765K, capacity 17003K, committed 17152K, reserved 1064960K
  class space    used 1611K, capacity 1697K, committed 1792K, reserved 1048576K
Event: 1.140 GC heap after
Heap after GC invocations=1 (full 0):
 PSYoungGen      total 75776K, used 9025K [0x000000076bd00000, 0x0000000771180000, 0x00000007c0000000)
  eden space 65024K, 0% used [0x000000076bd00000,0x000000076bd00000,0x000000076fc80000)
  from space 10752K, 83% used [0x000000076fc80000,0x0000000770550458,0x0000000770700000)
  to   space 10752K, 0% used [0x0000000770700000,0x0000000770700000,0x0000000771180000)
 ParOldGen       total 173568K, used 0K [0x00000006c3600000, 0x00000006cdf80000, 0x000000076bd00000)
  object space 173568K, 0% used [0x00000006c3600000,0x00000006c3600000,0x00000006cdf80000)
 Metaspace       used 16765K, capacity 17003K, committed 17152K, reserved 1064960K
  class space    used 1611K, capacity 1697K, committed 1792K, reserved 1048576K
}

Deoptimization events (6 events):
Event: 0.092 Thread 0x0000000002f74000 Uncommon trap: reason=unstable_if action=reinterpret pc=0x00000000032546c4 method=java.lang.String.hashCode()I @ 14
Event: 0.402 Thread 0x000000001fe13000 Uncommon trap: reason=unstable_if action=reinterpret pc=0x00000000033617c4 method=java.lang.String.indexOf([CII[CIII)I @ 3
Event: 1.420 Thread 0x000000001fda9800 Uncommon trap: reason=unstable_if action=reinterpret pc=0x00000000034ff5e4 method=com.jogamp.common.util.IntIntHashMap.get(I)I @ 19
Event: 1.479 Thread 0x000000001fda9800 Uncommon trap: reason=unstable_if action=reinterpret pc=0x00000000034a2f74 method=java.lang.reflect.AccessibleObject.setAccessible0(Ljava/lang/reflect/AccessibleObject;Z)V @ 4
Event: 1.531 Thread 0x000000001fda9800 Uncommon trap: reason=unstable_if action=reinterpret pc=0x000000000353e96c method=sun.misc.FloatingDecimal.readJavaFormatString(Ljava/lang/String;)Lsun/misc/FloatingDecimal$ASCIIToBinaryConverter; @ 445
Event: 1.899 Thread 0x000000001fda9800 Uncommon trap: reason=unstable_if action=reinterpret pc=0x000000000348cba8 method=java.lang.Integer.getChars(II[C)V @ 20

Classes redefined (0 events):
No events

Internal exceptions (10 events):
Event: 0.132 Thread 0x0000000002f74000 Exception <a 'java/security/PrivilegedActionException'> (0x000000076c344830) thrown at [C:\re\workspace\8-2-build-windows-amd64-cygwin\jdk8u202\12323\hotspot\src\share\vm\prims\jvm.cpp, line 1502]
Event: 0.132 Thread 0x0000000002f74000 Exception <a 'java/security/PrivilegedActionException'> (0x000000076c344a40) thrown at [C:\re\workspace\8-2-build-windows-amd64-cygwin\jdk8u202\12323\hotspot\src\share\vm\prims\jvm.cpp, line 1502]
Event: 0.138 Thread 0x0000000002f74000 Exception <a 'java/io/FileNotFoundException'> (0x000000076c374a20) thrown at [C:\re\workspace\8-2-build-windows-amd64-cygwin\jdk8u202\12323\hotspot\src\share\vm\prims\jni.cpp, line 710]
Event: 0.163 Thread 0x0000000002f74000 Exception <a 'java/lang/NoSuchFieldError': method resolution failed> (0x000000076c505528) thrown at [C:\re\workspace\8-2-build-windows-amd64-cygwin\jdk8u202\12323\hotspot\src\share\vm\prims\methodHandles.cpp, line 1167]
Event: 0.164 Thread 0x0000000002f74000 Exception <a 'java/lang/NoSuchFieldError': method resolution failed> (0x000000076c5139b8) thrown at [C:\re\workspace\8-2-build-windows-amd64-cygwin\jdk8u202\12323\hotspot\src\share\vm\prims\methodHandles.cpp, line 1167]
Event: 0.213 Thread 0x0000000002f74000 Exception <a 'java/io/FileNotFoundException'> (0x000000076c9acb88) thrown at [C:\re\workspace\8-2-build-windows-amd64-cygwin\jdk8u202\12323\hotspot\src\share\vm\prims\jni.cpp, line 710]
Event: 0.296 Thread 0x0000000002f74000 Exception <a 'java/lang/NullPointerException'> (0x000000076d17c3d8) thrown at [C:\re\workspace\8-2-build-windows-amd64-cygwin\jdk8u202\12323\hotspot\src\share\vm\interpreter\linkResolver.cpp, line 1287]
Event: 1.183 Thread 0x000000001fe13000 Exception <a 'java/lang/InterruptedException'> (0x000000076c1c0a08) thrown at [C:\re\workspace\8-2-build-windows-amd64-cygwin\jdk8u202\12323\hotspot\src\share\vm\runtime\objectMonitor.cpp, line 1684]
Event: 1.198 Thread 0x000000001fe13000 Exception <a 'java/lang/reflect/InvocationTargetException'> (0x000000076c2fd1b8) thrown at [C:\re\workspace\8-2-build-windows-amd64-cygwin\jdk8u202\12323\hotspot\src\share\vm\runtime\reflection.cpp, line 1092]
Event: 1.420 Thread 0x000000001fda9800 Implicit null exception at 0x00000000034ff52f to 0x00000000034ff5c5

Events (10 events):
Event: 13.569 Thread 0x000000001e89d800 DEOPT PACKING pc=0x00000000032b1364 sp=0x000000002159d5e0
Event: 13.569 Thread 0x000000001e89d800 DEOPT UNPACKING pc=0x0000000003197890 sp=0x000000002159d400 mode 1
Event: 13.569 Executing VM operation: RevokeBias
Event: 13.569 Executing VM operation: RevokeBias done
Event: 13.569 Thread 0x000000001e89d800 DEOPT PACKING pc=0x00000000032b10fc sp=0x000000002159d770
Event: 13.569 Thread 0x000000001e89d800 DEOPT UNPACKING pc=0x0000000003197890 sp=0x000000002159d590 mode 1
Event: 13.569 Thread 0x000000001e89d800 Thread exited: 0x000000001e89d800
Event: 13.571 Thread 0x000000001fd30800 Thread exited: 0x000000001fd30800
Event: 13.661 Thread 0x000000001e890800 Thread exited: 0x000000001e890800
Event: 13.661 Executing VM operation: Exit


Dynamic libraries:
0x00007ff7b8280000 - 0x00007ff7b82b7000 	C:\Program Files\Java\jdk1.8.0_202\bin\java.exe
0x00007ffdea6f0000 - 0x00007ffdea8e8000 	C:\WINDOWS\SYSTEM32\ntdll.dll
0x00007ffde8e50000 - 0x00007ffde8f0f000 	C:\WINDOWS\System32\KERNEL32.DLL
0x00007ffde7e50000 - 0x00007ffde812a000 	C:\WINDOWS\System32\KERNELBASE.dll
0x00007ffde8b10000 - 0x00007ffde8bbe000 	C:\WINDOWS\System32\ADVAPI32.dll
0x00007ffde8d30000 - 0x00007ffde8dce000 	C:\WINDOWS\System32\msvcrt.dll
0x00007ffde9d70000 - 0x00007ffde9e0c000 	C:\WINDOWS\System32\sechost.dll
0x00007ffdea580000 - 0x00007ffdea6a6000 	C:\WINDOWS\System32\RPCRT4.dll
0x00007ffde9f60000 - 0x00007ffdea0fd000 	C:\WINDOWS\System32\USER32.dll
0x00007ffde8720000 - 0x00007ffde8742000 	C:\WINDOWS\System32\win32u.dll
0x00007ffde9e10000 - 0x00007ffde9e3b000 	C:\WINDOWS\System32\GDI32.dll
0x00007ffde8320000 - 0x00007ffde8430000 	C:\WINDOWS\System32\gdi32full.dll
0x00007ffde8430000 - 0x00007ffde84cd000 	C:\WINDOWS\System32\msvcp_win.dll
0x00007ffde8620000 - 0x00007ffde8720000 	C:\WINDOWS\System32\ucrtbase.dll
0x00007ffdc33f0000 - 0x00007ffdc368a000 	C:\WINDOWS\WinSxS\amd64_microsoft.windows.common-controls_6595b64144ccf1df_6.0.19041.1110_none_60b5254171f9507e\COMCTL32.dll
0x00007ffde8d00000 - 0x00007ffde8d30000 	C:\WINDOWS\System32\IMM32.DLL
0x0000000062820000 - 0x00000000628f2000 	C:\Program Files\Java\jdk1.8.0_202\jre\bin\msvcr100.dll
0x0000000061f70000 - 0x0000000062815000 	C:\Program Files\Java\jdk1.8.0_202\jre\bin\server\jvm.dll
0x00007ffdea100000 - 0x00007ffdea108000 	C:\WINDOWS\System32\PSAPI.DLL
0x00007ffde6290000 - 0x00007ffde62b7000 	C:\WINDOWS\SYSTEM32\WINMM.dll
0x00007ffdc5f30000 - 0x00007ffdc5f39000 	C:\WINDOWS\SYSTEM32\WSOCK32.dll
0x00007ffde9380000 - 0x00007ffde93eb000 	C:\WINDOWS\System32\WS2_32.dll
0x00007ffdde8a0000 - 0x00007ffdde8aa000 	C:\WINDOWS\SYSTEM32\VERSION.dll
0x00007ffde0230000 - 0x00007ffde023f000 	C:\Program Files\Java\jdk1.8.0_202\jre\bin\verify.dll
0x00007ffdd7c30000 - 0x00007ffdd7c59000 	C:\Program Files\Java\jdk1.8.0_202\jre\bin\java.dll
0x00007ffdd7bf0000 - 0x00007ffdd7c25000 	C:\Program Files\Java\jdk1.8.0_202\jre\bin\jdwp.dll
0x00007ffdd92e0000 - 0x00007ffdd92e8000 	C:\Program Files\Java\jdk1.8.0_202\jre\bin\npt.dll
0x00007ffdcf110000 - 0x00007ffdcf133000 	C:\Program Files\Java\jdk1.8.0_202\jre\bin\instrument.dll
0x00007ffdd9550000 - 0x00007ffdd9566000 	C:\Program Files\Java\jdk1.8.0_202\jre\bin\zip.dll
0x00007ffde9620000 - 0x00007ffde9d64000 	C:\WINDOWS\System32\SHELL32.dll
0x00007ffde57d0000 - 0x00007ffde5f63000 	C:\WINDOWS\SYSTEM32\windows.storage.dll
0x00007ffde8f10000 - 0x00007ffde9264000 	C:\WINDOWS\System32\combase.dll
0x00007ffde7860000 - 0x00007ffde788e000 	C:\WINDOWS\SYSTEM32\Wldp.dll
0x00007ffde9400000 - 0x00007ffde94ad000 	C:\WINDOWS\System32\SHCORE.dll
0x00007ffde94b0000 - 0x00007ffde9505000 	C:\WINDOWS\System32\shlwapi.dll
0x00007ffde7d40000 - 0x00007ffde7d5f000 	C:\WINDOWS\SYSTEM32\profapi.dll
0x00007ffdd9270000 - 0x00007ffdd9279000 	C:\Program Files\Java\jdk1.8.0_202\jre\bin\dt_socket.dll
0x00007ffde75a0000 - 0x00007ffde760a000 	C:\WINDOWS\system32\mswsock.dll
0x00007ffdbff90000 - 0x00007ffdc0129000 	C:\Program Files\Java\jdk1.8.0_202\jre\bin\awt.dll
0x00007ffde8750000 - 0x00007ffde881d000 	C:\WINDOWS\System32\OLEAUT32.dll
0x00007ffde4f50000 - 0x00007ffde4fe0000 	C:\WINDOWS\SYSTEM32\apphelp.dll
0x00007ffde53c0000 - 0x00007ffde53ef000 	C:\WINDOWS\system32\DWMAPI.DLL
0x00007ffde5000000 - 0x00007ffde509e000 	C:\WINDOWS\system32\uxtheme.dll
0x00007ffdc0c40000 - 0x00007ffdc0d65000 	C:\WINDOWS\system32\opengl32.dll
0x00007ffdc6320000 - 0x00007ffdc634c000 	C:\WINDOWS\SYSTEM32\GLU32.dll
0x00007ffde9e40000 - 0x00007ffde9f54000 	C:\WINDOWS\System32\MSCTF.dll
0x00007ffde89e0000 - 0x00007ffde8b0a000 	C:\WINDOWS\System32\ole32.dll
0x00007ffde6660000 - 0x00007ffde6672000 	C:\WINDOWS\SYSTEM32\kernel.appcore.dll
0x00007ffde8130000 - 0x00007ffde81b2000 	C:\WINDOWS\System32\bcryptPrimitives.dll
0x00007ffdc5dc0000 - 0x00007ffdc5e07000 	C:\Program Files\Java\jdk1.8.0_202\jre\bin\fontmanager.dll
0x00007ffde0030000 - 0x00007ffde0129000 	C:\WINDOWS\SYSTEM32\textinputframework.dll
0x00007ffde49c0000 - 0x00007ffde4d1e000 	C:\WINDOWS\System32\CoreUIComponents.dll
0x00007ffde4e20000 - 0x00007ffde4f12000 	C:\WINDOWS\System32\CoreMessaging.dll
0x00007ffde6f80000 - 0x00007ffde6fb3000 	C:\WINDOWS\SYSTEM32\ntmarta.dll
0x00007ffde4400000 - 0x00007ffde4554000 	C:\WINDOWS\SYSTEM32\wintypes.dll
0x00007ffde77b0000 - 0x00007ffde77c8000 	C:\WINDOWS\SYSTEM32\CRYPTSP.dll
0x00007ffde6e30000 - 0x00007ffde6e64000 	C:\WINDOWS\system32\rsaenh.dll
0x00007ffde84d0000 - 0x00007ffde84f7000 	C:\WINDOWS\System32\bcrypt.dll
0x00007ffde7cc0000 - 0x00007ffde7cee000 	C:\WINDOWS\SYSTEM32\USERENV.dll
0x00007ffde77d0000 - 0x00007ffde77dc000 	C:\WINDOWS\SYSTEM32\CRYPTBASE.dll
0x00007ffdd8ab0000 - 0x00007ffdd8aca000 	C:\Program Files\Java\jdk1.8.0_202\jre\bin\net.dll
0x00007ffddb3a0000 - 0x00007ffddb58c000 	C:\WINDOWS\SYSTEM32\urlmon.dll
0x00007ffdda600000 - 0x00007ffdda8b1000 	C:\WINDOWS\SYSTEM32\iertutil.dll
0x00007ffdd9fe0000 - 0x00007ffdda008000 	C:\WINDOWS\SYSTEM32\srvcli.dll
0x00007ffde7270000 - 0x00007ffde727c000 	C:\WINDOWS\SYSTEM32\netutils.dll
0x00007ffde7230000 - 0x00007ffde726c000 	C:\WINDOWS\SYSTEM32\IPHLPAPI.DLL
0x00007ffde93f0000 - 0x00007ffde93f8000 	C:\WINDOWS\System32\NSI.dll
0x00007ffddf5a0000 - 0x00007ffddf5b7000 	C:\WINDOWS\SYSTEM32\dhcpcsvc6.DLL
0x00007ffddf580000 - 0x00007ffddf59d000 	C:\WINDOWS\SYSTEM32\dhcpcsvc.DLL
0x00007ffde7280000 - 0x00007ffde734b000 	C:\WINDOWS\SYSTEM32\DNSAPI.dll
0x00007ffdcd310000 - 0x00007ffdcd322000 	C:\Program Files\Java\jdk1.8.0_202\jre\bin\nio.dll
0x00000000637c0000 - 0x00000000637cd000 	C:\Users\Larisa Pomidor\AppData\Local\Temp\jogamp_0000\file_cache\jln3429503781179640964\jln5912046797625550858\gluegen-rt.dll
0x00007ffdcf400000 - 0x00007ffdcf407000 	C:\Program Files\Java\jdk1.8.0_202\jre\bin\jawt.dll
0x000000006a440000 - 0x000000006a44d000 	C:\Users\Larisa Pomidor\AppData\Local\Temp\jogamp_0000\file_cache\jln3429503781179640964\jln5912046797625550858\nativewindow_awt.dll
0x000000006c100000 - 0x000000006c10f000 	C:\Users\Larisa Pomidor\AppData\Local\Temp\jogamp_0000\file_cache\jln3429503781179640964\jln5912046797625550858\nativewindow_win32.dll
0x0000000064500000 - 0x00000000645a2000 	C:\Users\Larisa Pomidor\AppData\Local\Temp\jogamp_0000\file_cache\jln3429503781179640964\jln5912046797625550858\jogl_desktop.dll
0x00007ffde92d0000 - 0x00007ffde9379000 	C:\WINDOWS\System32\clbcatq.dll
0x00007ffd94470000 - 0x00007ffd9546e000 	C:\WINDOWS\System32\DriverStore\FileRepository\iigd_dch.inf_amd64_fbe1b7299322ac67\ig12icd64.dll
0x00007ffde67a0000 - 0x00007ffde6893000 	C:\WINDOWS\system32\dxgi.dll
0x00007ffdaae20000 - 0x00007ffdab227000 	C:\WINDOWS\System32\DriverStore\FileRepository\iigd_dch.inf_amd64_fbe1b7299322ac67\igdml64.dll
0x00007ffddc170000 - 0x00007ffddc41a000 	C:\WINDOWS\System32\DriverStore\FileRepository\iigd_dch.inf_amd64_fbe1b7299322ac67\igdgmm64.dll
0x00007ffdd4fd0000 - 0x00007ffdd7b5f000 	C:\WINDOWS\System32\DriverStore\FileRepository\iigd_dch.inf_amd64_fbe1b7299322ac67\igc64.dll
0x00007ffde7350000 - 0x00007ffde739b000 	C:\WINDOWS\SYSTEM32\powrprof.dll
0x00007ffde7210000 - 0x00007ffde7222000 	C:\WINDOWS\SYSTEM32\UMPDC.dll
0x00007ffde6080000 - 0x00007ffde6264000 	C:\WINDOWS\SYSTEM32\dbghelp.dll

VM Arguments:
jvm_args: -agentlib:jdwp=transport=dt_socket,address=127.0.0.1:51645,suspend=y,server=n -javaagent:C:\Users\LARISA~1\AppData\Local\Temp\captureAgent11jars\debugger-agent.jar -Dfile.encoding=UTF-8 
java_command: module4.EarthquakeCityMap
java_class_path (initial): C:\Program Files\Java\jdk1.8.0_202\jre\lib\charsets.jar;C:\Program Files\Java\jdk1.8.0_202\jre\lib\deploy.jar;C:\Program Files\Java\jdk1.8.0_202\jre\lib\ext\access-bridge-64.jar;C:\Program Files\Java\jdk1.8.0_202\jre\lib\ext\cldrdata.jar;C:\Program Files\Java\jdk1.8.0_202\jre\lib\ext\dnsns.jar;C:\Program Files\Java\jdk1.8.0_202\jre\lib\ext\jaccess.jar;C:\Program Files\Java\jdk1.8.0_202\jre\lib\ext\jfxrt.jar;C:\Program Files\Java\jdk1.8.0_202\jre\lib\ext\localedata.jar;C:\Program Files\Java\jdk1.8.0_202\jre\lib\ext\nashorn.jar;C:\Program Files\Java\jdk1.8.0_202\jre\lib\ext\sunec.jar;C:\Program Files\Java\jdk1.8.0_202\jre\lib\ext\sunjce_provider.jar;C:\Program Files\Java\jdk1.8.0_202\jre\lib\ext\sunmscapi.jar;C:\Program Files\Java\jdk1.8.0_202\jre\lib\ext\sunpkcs11.jar;C:\Program Files\Java\jdk1.8.0_202\jre\lib\ext\zipfs.jar;C:\Program Files\Java\jdk1.8.0_202\jre\lib\javaws.jar;C:\Program Files\Java\jdk1.8.0_202\jre\lib\jce.jar;C:\Program Files\Java\jdk1.8.0_202\jre\lib\jfr.jar;C:\Program Files\Java\jdk1.8.0_202\jre\lib\jfxswt.jar;C:\Program Files\Java\jdk1.8.0_202\jre\lib\jsse.jar;C:\Program Files\Java\jdk1.8.0_202\jre\lib\management-agent.jar;C:\Program Files\Java\jdk1.8.0_202\jre\lib\plugin.jar;C:\Program Files\Java\jdk1.8.0_202\jre\lib\resources.jar;C:\Program Files\Java\jdk1.8.0_202\jre\lib\rt.jar;C:\Users\Larisa Pomidor\Downloads\_3c3ec51e972ae18cabe2019f6aa77791_OOPStarterCode\UCSDUnfoldingMaps\build;C:\Users\Larisa Pomidor\Downloads\_3c3ec51e972ae18cabe2019f6aa77791_OOPStarterCode\UCSDUnfoldingMaps\lib\core.jar;C:\Users\Larisa Pomidor\Downloads\_3c3ec51e972ae18cabe2019f6aa77791_OOPStarterCode\UCSDUnfoldingMaps\lib\gluegen-rt.jar;C:\Users\Larisa Pomidor\Downloads\_3c3ec51e972ae18cabe2019f6aa77791_OOPStarterCode\UCSDUnfoldingMaps\lib\jogl-all.jar;C:\Users\Larisa Pomidor\Downloads\_3c3ec51e972ae18cabe2019f6aa77791_OOPStarterCode\UCSDUnfoldingMaps\lib\log4j-1.2.15.jar;C:\Users\Larisa Pomidor\Downloads\_3c3ec51e972ae18cabe2019f6aa77791_
Launcher Type: SUN_STANDARD

Environment Variables:
PATH=C:\Program Files (x86)\Common Files\Oracle\Java\javapath;C:\Program Files\Common Files\Oracle\Java\javapath;C:\WINDOWS\system32;C:\WINDOWS;C:\WINDOWS\System32\Wbem;C:\WINDOWS\System32\WindowsPowerShell\v1.0\;C:\WINDOWS\System32\OpenSSH\;D:\Programs\Git\cmd;C:\Program Files\dotnet\;D:\Programs\nvm;C:\Program Files\nodejs;D:\Programs\NodeJs\;C:\Program Files\Docker\Docker\resources\bin;C:\Program Files\MySQL\MySQL Shell 8.0\bin\;C:\Users\Larisa Pomidor\AppData\Local\Microsoft\WindowsApps;D:\Programs\Microsoft VS Code\bin;D:\Programs\JetBrains\IntelliJ IDEA Community Edition 2022.2\bin;;D:\Programs\nvm;C:\Program Files\nodejs;C:\Users\Larisa Pomidor\AppData\Roaming\npm
USERNAME=Larisa Pomidor
OS=Windows_NT
PROCESSOR_IDENTIFIER=Intel64 Family 6 Model 140 Stepping 1, GenuineIntel



---------------  S Y S T E M  ---------------

OS: Windows 10.0 , 64 bit Build 19041 (10.0.19041.2788)

CPU:total 8 (initial active 8) (4 cores per cpu, 2 threads per core) family 6 model 140 stepping 1, cmov, cx8, fxsr, mmx, sse, sse2, sse3, ssse3, sse4.1, sse4.2, popcnt, avx, avx2, aes, clmul, erms, 3dnowpref, lzcnt, ht, tsc, tscinvbit, bmi1, bmi2, adx

Memory: 4k page, physical 16555320k(2564616k free), swap 27607272k(6625484k free)

vm_info: Java HotSpot(TM) 64-Bit Server VM (25.202-b08) for windows-amd64 JRE (1.8.0_202-b08), built on Dec 15 2018 19:54:30 by "java_re" with MS VC++ 10.0 (VS2010)

time: Wed May 10 19:46:56 2023
timezone: Финляндия (лето)
elapsed time: 13 seconds (0d 0h 0m 13s)

