#
# A fatal error has been detected by the Java Runtime Environment:
#
#  EXCEPTION_ACCESS_VIOLATION (0xc0000005) at pc=0x00007ffd94754612, pid=70508, tid=0x0000000000010790
#
# JRE version: Java(TM) SE Runtime Environment (8.0_202-b08) (build 1.8.0_202-b08)
# Java VM: Java HotSpot(TM) 64-Bit Server VM (25.202-b08 mixed mode windows-amd64 compressed oops)
# Problematic frame:
# C  [ig12icd64.dll+0x2e4612]
#
# Failed to write core dump. Minidumps are not enabled by default on client versions of Windows
#
# If you would like to submit a bug report, please visit:
#   http://bugreport.java.com/bugreport/crash.jsp
# The crash happened outside the Java Virtual Machine in native code.
# See problematic frame for where to report the bug.
#

---------------  T H R E A D  ---------------

Current thread (0x000000001f6df000):  JavaThread "AWT-EventQueue-0" [_thread_in_native, id=67472, stack(0x00000000208d0000,0x00000000209d0000)]

siginfo: ExceptionCode=0xc0000005, reading address 0x00007ffd95537fd8

Registers:
RAX=0x0000000000007ffd, RBX=0x00000000209cd520, RCX=0x000000000019ff64, RDX=0x00000000209cd730
RSP=0x00000000209cd218, RBP=0x00000000209cd320, RSI=0x0000000000000001, RDI=0x00000000209cd520
R8 =0x00000000209cd350, R9 =0x00000000209cd730, R10=0x0000000000000140, R11=0x00000000209cd5c0
R12=0x0000000000000000, R13=0x0000000022d44140, R14=0x00007ffd95398050, R15=0x0000000000000000
RIP=0x00007ffd94754612, EFLAGS=0x0000000000010202

Top of Stack: (sp=0x00000000209cd218)
0x00000000209cd218:   00007ffd94752e6e 00000000209cd730
0x00000000209cd228:   00000000209cd320 0000000000000000
0x00000000209cd238:   0000000000000000 0000000061040001
0x00000000209cd248:   0000000000000000 0000000000000000
0x00000000209cd258:   00000000209cd388 0000000000000002
0x00000000209cd268:   00007ffd94e4af96 0000000000000000
0x00000000209cd278:   00007ffd9464cbd2 00000000209cd3f0
0x00000000209cd288:   0000000000000000 001000027a000004
0x00000000209cd298:   0000000000000000 0000000000000000
0x00000000209cd2a8:   00000000209cd520 00007c461766a98d
0x00000000209cd2b8:   00007ffdea71b86b 00000000012d01bd
0x00000000209cd2c8:   000000000000009c 0000000028aa86f0
0x00000000209cd2d8:   00007ffdea71b86b 00000000015d0585
0x00000000209cd2e8:   00000000000000a4 00000000009ecfb0
0x00000000209cd2f8:   0000000000801680 0000000002a4085c
0x00000000209cd308:   0000000000800000 0000000000000000 

Instructions: (pc=0x00007ffd94754612)
0x00007ffd947545f2:   31 08 41 89 40 44 42 8b 44 31 0c 41 89 40 48 42
0x00007ffd94754602:   8b 44 31 10 41 89 40 4c 48 63 43 78 48 6b c8 34
0x00007ffd94754612:   42 8b 44 31 24 41 89 40 50 42 8b 44 31 28 41 89
0x00007ffd94754622:   40 54 42 8b 44 31 2c 41 89 40 58 42 8b 44 31 30 


Register to memory mapping:

RAX=0x0000000000007ffd is an unknown value
RBX=0x00000000209cd520 is pointing into the stack for thread: 0x000000001f6df000
RCX=0x000000000019ff64 is an unknown value
RDX=0x00000000209cd730 is pointing into the stack for thread: 0x000000001f6df000
RSP=0x00000000209cd218 is pointing into the stack for thread: 0x000000001f6df000
RBP=0x00000000209cd320 is pointing into the stack for thread: 0x000000001f6df000
RSI=0x0000000000000001 is an unknown value
RDI=0x00000000209cd520 is pointing into the stack for thread: 0x000000001f6df000
R8 =0x00000000209cd350 is pointing into the stack for thread: 0x000000001f6df000
R9 =0x00000000209cd730 is pointing into the stack for thread: 0x000000001f6df000
R10=0x0000000000000140 is an unknown value
R11=0x00000000209cd5c0 is pointing into the stack for thread: 0x000000001f6df000
R12=0x0000000000000000 is an unknown value
R13={method} {0x0000000022d44148} 'dispatch_glClear1' '(IJ)V' in 'jogamp/opengl/gl4/GL4bcImpl'
R14=0x00007ffd95398050 is an unknown value
R15=0x0000000000000000 is an unknown value


Stack: [0x00000000208d0000,0x00000000209d0000],  sp=0x00000000209cd218,  free space=1012k
Native frames: (J=compiled Java code, j=interpreted, Vv=VM code, C=native code)
C  [ig12icd64.dll+0x2e4612]
C  [ig12icd64.dll+0x2e2e6e]
C  [ig12icd64.dll+0x2e7f49]
C  [ig12icd64.dll+0xae7d5]
C  [ig12icd64.dll+0xaf234]
C  [ig12icd64.dll+0x1c327b]
C  [ig12icd64.dll+0xa103c3]
C  0x0000000002a31df0

Java frames: (J=compiled Java code, j=interpreted, Vv=VM code)
j  jogamp.opengl.gl4.GL4bcImpl.dispatch_glClear1(IJ)V+0
j  jogamp.opengl.gl4.GL4bcImpl.glClear(I)V+46
j  processing.opengl.PJOGL.clear(I)V+5
j  processing.opengl.PGL.endDraw(Z)V+40
j  processing.opengl.PJOGL.endDraw(Z)V+158
j  processing.opengl.PGraphicsOpenGL.endOnscreenDraw()V+8
j  processing.opengl.PGraphicsOpenGL.endDraw()V+62
j  processing.core.PApplet.handleDraw()V+270
j  processing.opengl.PJOGL$PGLListener.display(Ljavax/media/opengl/GLAutoDrawable;)V+494
j  jogamp.opengl.GLDrawableHelper.displayImpl(Ljavax/media/opengl/GLAutoDrawable;)V+81
j  jogamp.opengl.GLDrawableHelper.display(Ljavax/media/opengl/GLAutoDrawable;)V+2
j  javax.media.opengl.awt.GLCanvas$10.run()V+118
j  jogamp.opengl.GLDrawableHelper.invokeGLImpl(Ljavax/media/opengl/GLDrawable;Ljavax/media/opengl/GLContext;Ljava/lang/Runnable;Ljava/lang/Runnable;)V+203
j  jogamp.opengl.GLDrawableHelper.invokeGL(Ljavax/media/opengl/GLDrawable;Ljavax/media/opengl/GLContext;Ljava/lang/Runnable;Ljava/lang/Runnable;)V+72
j  javax.media.opengl.awt.GLCanvas$11.run()V+73
j  java.awt.event.InvocationEvent.dispatch$$$capture()V+11
j  java.awt.event.InvocationEvent.dispatch()V+5
j  java.awt.EventQueue.dispatchEventImpl(Ljava/awt/AWTEvent;Ljava/lang/Object;)V+21
j  java.awt.EventQueue.access$500(Ljava/awt/EventQueue;Ljava/awt/AWTEvent;Ljava/lang/Object;)V+3
j  java.awt.EventQueue$3.run()Ljava/lang/Void;+32
j  java.awt.EventQueue$3.run()Ljava/lang/Object;+1
v  ~StubRoutines::call_stub
j  java.security.AccessController.doPrivileged(Ljava/security/PrivilegedAction;Ljava/security/AccessControlContext;)Ljava/lang/Object;+0
j  java.security.ProtectionDomain$JavaSecurityAccessImpl.doIntersectionPrivilege(Ljava/security/PrivilegedAction;Ljava/security/AccessControlContext;Ljava/security/AccessControlContext;)Ljava/lang/Object;+18
j  java.awt.EventQueue.dispatchEvent(Ljava/awt/AWTEvent;)V+46
j  java.awt.EventDispatchThread.pumpOneEventForFilters(I)V+140
j  java.awt.EventDispatchThread.pumpEventsForFilter(ILjava/awt/Conditional;Ljava/awt/EventFilter;)V+35
j  java.awt.EventDispatchThread.pumpEventsForHierarchy(ILjava/awt/Conditional;Ljava/awt/Component;)V+11
j  java.awt.EventDispatchThread.pumpEvents(ILjava/awt/Conditional;)V+4
j  java.awt.EventDispatchThread.pumpEvents(Ljava/awt/Conditional;)V+3
j  java.awt.EventDispatchThread.run()V+9
v  ~StubRoutines::call_stub

---------------  P R O C E S S  ---------------

Java Threads: ( => current thread )
  0x000000001e16d800 JavaThread "SIGINT handler" daemon [_thread_blocked, id=7844, stack(0x0000000000b00000,0x0000000000c00000)]
  0x0000000002914000 JavaThread "DestroyJavaVM" [_thread_blocked, id=63372, stack(0x00000000025a0000,0x00000000026a0000)]
  0x000000001f741800 JavaThread "Animation Thread" [_thread_blocked, id=67572, stack(0x0000000020dd0000,0x0000000020ed0000)]
=>0x000000001f6df000 JavaThread "AWT-EventQueue-0" [_thread_in_native, id=67472, stack(0x00000000208d0000,0x00000000209d0000)]
  0x000000001f658800 JavaThread "AWT-Shutdown" [_thread_blocked, id=69428, stack(0x000000001fde0000,0x000000001fee0000)]
  0x000000001f5fb000 JavaThread "Java2D Disposer" daemon [_thread_blocked, id=69932, stack(0x000000001fc80000,0x000000001fd80000)]
  0x000000001e297000 JavaThread "Service Thread" daemon [_thread_blocked, id=50676, stack(0x000000001f130000,0x000000001f230000)]
  0x000000001e1d6800 JavaThread "C1 CompilerThread3" daemon [_thread_blocked, id=67408, stack(0x000000001f030000,0x000000001f130000)]
  0x000000001e1d6000 JavaThread "C2 CompilerThread2" daemon [_thread_blocked, id=63080, stack(0x000000001ef30000,0x000000001f030000)]
  0x000000001e1d5000 JavaThread "C2 CompilerThread1" daemon [_thread_blocked, id=62364, stack(0x000000001ee30000,0x000000001ef30000)]
  0x000000001e189800 JavaThread "C2 CompilerThread0" daemon [_thread_blocked, id=18464, stack(0x000000001ed30000,0x000000001ee30000)]
  0x000000001e16a000 JavaThread "JDWP Event Helper Thread" daemon [_thread_blocked, id=70140, stack(0x000000001eb30000,0x000000001ec30000)]
  0x000000001e153800 JavaThread "Attach Listener" daemon [_thread_blocked, id=55468, stack(0x000000001e930000,0x000000001ea30000)]
  0x000000001e152800 JavaThread "Signal Dispatcher" daemon [_thread_blocked, id=69332, stack(0x000000001e830000,0x000000001e930000)]
  0x000000001e141800 JavaThread "Finalizer" daemon [_thread_blocked, id=51136, stack(0x000000001e620000,0x000000001e720000)]
  0x000000001e140800 JavaThread "Reference Handler" daemon [_thread_blocked, id=58740, stack(0x000000001e520000,0x000000001e620000)]

Other Threads:
  0x000000001c339800 VMThread [stack: 0x000000001e020000,0x000000001e120000] [id=70096]

VM state:at safepoint (normal execution)

VM Mutex/Monitor currently owned by a thread:  ([mutex/lock_event])
[0x00000000029117d0] Threads_lock - owner thread: 0x000000001c339800

heap address: 0x00000006c3600000, size: 4042 MB, Compressed Oops mode: Zero based, Oop shift amount: 3
Narrow klass base: 0x0000000000000000, Narrow klass shift: 3
Compressed class space size: 1073741824 Address: 0x00000007c0000000

Heap:
 PSYoungGen      total 75776K, used 15174K [0x000000076bd00000, 0x0000000775100000, 0x00000007c0000000)
  eden space 65024K, 23% used [0x000000076bd00000,0x000000076cbd18a8,0x000000076fc80000)
  from space 10752K, 0% used [0x0000000774680000,0x0000000774680000,0x0000000775100000)
  to   space 10752K, 0% used [0x000000076fc80000,0x000000076fc80000,0x0000000770700000)
 ParOldGen       total 82944K, used 10932K [0x00000006c3600000, 0x00000006c8700000, 0x000000076bd00000)
  object space 82944K, 13% used [0x00000006c3600000,0x00000006c40ad350,0x00000006c8700000)
 Metaspace       used 22882K, capacity 23151K, committed 23424K, reserved 1071104K
  class space    used 2304K, capacity 2390K, committed 2432K, reserved 1048576K

Card table byte_map: [0x0000000011dd0000,0x00000000125c0000] byte_map_base: 0x000000000e7b5000

Marking Bits: (ParMarkBitMap*) 0x0000000062795ce0
 Begin Bits: [0x0000000013310000, 0x0000000017238000)
 End Bits:   [0x0000000017238000, 0x000000001b160000)

Polling page: 0x00000000008d0000

CodeCache: size=245760Kb used=4617Kb max_used=4634Kb free=241142Kb
 bounds [0x0000000002a10000, 0x0000000002ea0000, 0x0000000011a10000]
 total_blobs=1995 nmethods=1073 adapters=843
 compilation: enabled

Compilation events (10 events):
Event: 615.669 Thread 0x000000001e1d6800 nmethod 1077 0x0000000002e93010 code [0x0000000002e93180, 0x0000000002e93408]
Event: 615.669 Thread 0x000000001e1d6800 1078       3       java.util.HashMap$KeyIterator::<init> (11 bytes)
Event: 615.669 Thread 0x000000001e1d6800 nmethod 1078 0x0000000002e92c50 code [0x0000000002e92dc0, 0x0000000002e92f88]
Event: 615.675 Thread 0x000000001e1d6000 nmethod 1054 0x0000000002e96e90 code [0x0000000002e97100, 0x0000000002e98d70]
Event: 615.699 Thread 0x000000001e1d6800 1079 %     3       processing.opengl.PGL::nativeToJavaARGB @ 21 (264 bytes)
Event: 615.699 Thread 0x000000001e1d6800 nmethod 1079% 0x0000000002e91ed0 code [0x0000000002e92080, 0x0000000002e92770]
Event: 615.699 Thread 0x000000001e1d6800 1080       3       processing.opengl.PGL::nativeToJavaARGB (264 bytes)
Event: 615.699 Thread 0x000000001e1d6800 nmethod 1080 0x0000000002b13bd0 code [0x0000000002b13d80, 0x0000000002b143f0]
Event: 615.699 Thread 0x000000001e189800 1081 %     4       processing.opengl.PGL::nativeToJavaARGB @ 21 (264 bytes)
Event: 615.704 Thread 0x000000001e189800 nmethod 1081% 0x0000000002b23490 code [0x0000000002b235e0, 0x0000000002b23bd8]

GC Heap History (6 events):
Event: 1.228 GC heap before
{Heap before GC invocations=1 (full 0):
 PSYoungGen      total 75776K, used 65024K [0x000000076bd00000, 0x0000000771180000, 0x00000007c0000000)
  eden space 65024K, 100% used [0x000000076bd00000,0x000000076fc80000,0x000000076fc80000)
  from space 10752K, 0% used [0x0000000770700000,0x0000000770700000,0x0000000771180000)
  to   space 10752K, 0% used [0x000000076fc80000,0x000000076fc80000,0x0000000770700000)
 ParOldGen       total 173568K, used 0K [0x00000006c3600000, 0x00000006cdf80000, 0x000000076bd00000)
  object space 173568K, 0% used [0x00000006c3600000,0x00000006c3600000,0x00000006cdf80000)
 Metaspace       used 16763K, capacity 17003K, committed 17152K, reserved 1064960K
  class space    used 1611K, capacity 1697K, committed 1792K, reserved 1048576K
Event: 1.245 GC heap after
Heap after GC invocations=1 (full 0):
 PSYoungGen      total 75776K, used 9045K [0x000000076bd00000, 0x0000000775100000, 0x00000007c0000000)
  eden space 65024K, 0% used [0x000000076bd00000,0x000000076bd00000,0x000000076fc80000)
  from space 10752K, 84% used [0x000000076fc80000,0x0000000770555798,0x0000000770700000)
  to   space 10752K, 0% used [0x0000000774680000,0x0000000774680000,0x0000000775100000)
 ParOldGen       total 173568K, used 0K [0x00000006c3600000, 0x00000006cdf80000, 0x000000076bd00000)
  object space 173568K, 0% used [0x00000006c3600000,0x00000006c3600000,0x00000006cdf80000)
 Metaspace       used 16763K, capacity 17003K, committed 17152K, reserved 1064960K
  class space    used 1611K, capacity 1697K, committed 1792K, reserved 1048576K
}
Event: 9.660 GC heap before
{Heap before GC invocations=2 (full 0):
 PSYoungGen      total 75776K, used 52774K [0x000000076bd00000, 0x0000000775100000, 0x00000007c0000000)
  eden space 65024K, 67% used [0x000000076bd00000,0x000000076e7b4230,0x000000076fc80000)
  from space 10752K, 84% used [0x000000076fc80000,0x0000000770555798,0x0000000770700000)
  to   space 10752K, 0% used [0x0000000774680000,0x0000000774680000,0x0000000775100000)
 ParOldGen       total 173568K, used 0K [0x00000006c3600000, 0x00000006cdf80000, 0x000000076bd00000)
  object space 173568K, 0% used [0x00000006c3600000,0x00000006c3600000,0x00000006cdf80000)
 Metaspace       used 20795K, capacity 21097K, committed 21248K, reserved 1069056K
  class space    used 2076K, capacity 2197K, committed 2304K, reserved 1048576K
Event: 9.665 GC heap after
Heap after GC invocations=2 (full 0):
 PSYoungGen      total 75776K, used 10746K [0x000000076bd00000, 0x0000000775100000, 0x00000007c0000000)
  eden space 65024K, 0% used [0x000000076bd00000,0x000000076bd00000,0x000000076fc80000)
  from space 10752K, 99% used [0x0000000774680000,0x00000007750fea60,0x0000000775100000)
  to   space 10752K, 0% used [0x000000076fc80000,0x000000076fc80000,0x0000000770700000)
 ParOldGen       total 173568K, used 5331K [0x00000006c3600000, 0x00000006cdf80000, 0x000000076bd00000)
  object space 173568K, 3% used [0x00000006c3600000,0x00000006c3b34ec8,0x00000006cdf80000)
 Metaspace       used 20795K, capacity 21097K, committed 21248K, reserved 1069056K
  class space    used 2076K, capacity 2197K, committed 2304K, reserved 1048576K
}
Event: 9.665 GC heap before
{Heap before GC invocations=3 (full 1):
 PSYoungGen      total 75776K, used 10746K [0x000000076bd00000, 0x0000000775100000, 0x00000007c0000000)
  eden space 65024K, 0% used [0x000000076bd00000,0x000000076bd00000,0x000000076fc80000)
  from space 10752K, 99% used [0x0000000774680000,0x00000007750fea60,0x0000000775100000)
  to   space 10752K, 0% used [0x000000076fc80000,0x000000076fc80000,0x0000000770700000)
 ParOldGen       total 173568K, used 5331K [0x00000006c3600000, 0x00000006cdf80000, 0x000000076bd00000)
  object space 173568K, 3% used [0x00000006c3600000,0x00000006c3b34ec8,0x00000006cdf80000)
 Metaspace       used 20795K, capacity 21097K, committed 21248K, reserved 1069056K
  class space    used 2076K, capacity 2197K, committed 2304K, reserved 1048576K
Event: 9.683 GC heap after
Heap after GC invocations=3 (full 1):
 PSYoungGen      total 75776K, used 0K [0x000000076bd00000, 0x0000000775100000, 0x00000007c0000000)
  eden space 65024K, 0% used [0x000000076bd00000,0x000000076bd00000,0x000000076fc80000)
  from space 10752K, 0% used [0x0000000774680000,0x0000000774680000,0x0000000775100000)
  to   space 10752K, 0% used [0x000000076fc80000,0x000000076fc80000,0x0000000770700000)
 ParOldGen       total 82944K, used 10932K [0x00000006c3600000, 0x00000006c8700000, 0x000000076bd00000)
  object space 82944K, 13% used [0x00000006c3600000,0x00000006c40ad350,0x00000006c8700000)
 Metaspace       used 20795K, capacity 21097K, committed 21248K, reserved 1069056K
  class space    used 2076K, capacity 2197K, committed 2304K, reserved 1048576K
}

Deoptimization events (6 events):
Event: 0.112 Thread 0x0000000002914000 Uncommon trap: reason=unstable_if action=reinterpret pc=0x0000000002b13f84 method=java.lang.String.hashCode()I @ 14
Event: 0.275 Thread 0x0000000002914000 Uncommon trap: reason=unstable_if action=reinterpret pc=0x0000000002be74dc method=java.lang.String.startsWith(Ljava/lang/String;I)Z @ 25
Event: 0.425 Thread 0x000000001f741800 Uncommon trap: reason=unstable_if action=reinterpret pc=0x0000000002c1e704 method=java.lang.String.indexOf([CII[CIII)I @ 3
Event: 1.597 Thread 0x000000001f6df000 Uncommon trap: reason=unstable_if action=reinterpret pc=0x0000000002db0c24 method=com.jogamp.common.util.IntIntHashMap.get(I)I @ 19
Event: 1.660 Thread 0x000000001f6df000 Uncommon trap: reason=unstable_if action=reinterpret pc=0x0000000002d61134 method=java.lang.reflect.AccessibleObject.setAccessible0(Ljava/lang/reflect/AccessibleObject;Z)V @ 4
Event: 2.171 Thread 0x000000001f6df000 Uncommon trap: reason=unstable_if action=reinterpret pc=0x0000000002d45b90 method=java.lang.Integer.getChars(II[C)V @ 20

Classes redefined (0 events):
No events

Internal exceptions (10 events):
Event: 0.152 Thread 0x0000000002914000 Exception <a 'java/security/PrivilegedActionException'> (0x000000076c344800) thrown at [C:\re\workspace\8-2-build-windows-amd64-cygwin\jdk8u202\12323\hotspot\src\share\vm\prims\jvm.cpp, line 1502]
Event: 0.152 Thread 0x0000000002914000 Exception <a 'java/security/PrivilegedActionException'> (0x000000076c344a10) thrown at [C:\re\workspace\8-2-build-windows-amd64-cygwin\jdk8u202\12323\hotspot\src\share\vm\prims\jvm.cpp, line 1502]
Event: 0.160 Thread 0x0000000002914000 Exception <a 'java/io/FileNotFoundException'> (0x000000076c374838) thrown at [C:\re\workspace\8-2-build-windows-amd64-cygwin\jdk8u202\12323\hotspot\src\share\vm\prims\jni.cpp, line 710]
Event: 0.194 Thread 0x0000000002914000 Exception <a 'java/lang/NoSuchFieldError': method resolution failed> (0x000000076c505348) thrown at [C:\re\workspace\8-2-build-windows-amd64-cygwin\jdk8u202\12323\hotspot\src\share\vm\prims\methodHandles.cpp, line 1167]
Event: 0.195 Thread 0x0000000002914000 Exception <a 'java/lang/NoSuchFieldError': method resolution failed> (0x000000076c5137d8) thrown at [C:\re\workspace\8-2-build-windows-amd64-cygwin\jdk8u202\12323\hotspot\src\share\vm\prims\methodHandles.cpp, line 1167]
Event: 0.244 Thread 0x0000000002914000 Exception <a 'java/io/FileNotFoundException'> (0x000000076c9ac490) thrown at [C:\re\workspace\8-2-build-windows-amd64-cygwin\jdk8u202\12323\hotspot\src\share\vm\prims\jni.cpp, line 710]
Event: 0.324 Thread 0x0000000002914000 Exception <a 'java/lang/NullPointerException'> (0x000000076d17b918) thrown at [C:\re\workspace\8-2-build-windows-amd64-cygwin\jdk8u202\12323\hotspot\src\share\vm\interpreter\linkResolver.cpp, line 1287]
Event: 1.332 Thread 0x000000001f741800 Exception <a 'java/lang/InterruptedException'> (0x000000076c1c0e60) thrown at [C:\re\workspace\8-2-build-windows-amd64-cygwin\jdk8u202\12323\hotspot\src\share\vm\runtime\objectMonitor.cpp, line 1684]
Event: 1.354 Thread 0x000000001f741800 Exception <a 'java/lang/reflect/InvocationTargetException'> (0x000000076c2fd630) thrown at [C:\re\workspace\8-2-build-windows-amd64-cygwin\jdk8u202\12323\hotspot\src\share\vm\runtime\reflection.cpp, line 1092]
Event: 1.597 Thread 0x000000001f6df000 Implicit null exception at 0x0000000002db0b6f to 0x0000000002db0c05

Events (10 events):
Event: 615.699 Thread 0x000000001e1d6800 flushing nmethod 0x0000000002b13950
Event: 615.699 Thread 0x000000001e1d6800 flushing nmethod 0x0000000002b13cd0
Event: 615.699 Thread 0x000000001e1d6800 flushing nmethod 0x0000000002b14090
Event: 615.699 Thread 0x000000001e1d6800 flushing nmethod 0x0000000002b143d0
Event: 615.699 Thread 0x000000001e1d6800 flushing nmethod 0x0000000002b204d0
Event: 615.699 Thread 0x000000001e1d6800 flushing nmethod 0x0000000002b22d50
Event: 615.699 Thread 0x000000001e1d6800 flushing nmethod 0x0000000002b23110
Event: 615.700 Thread 0x000000001f659800 Thread exited: 0x000000001f659800
Event: 615.778 Thread 0x0000000031023800 Thread exited: 0x0000000031023800
Event: 615.779 Executing VM operation: Exit


Dynamic libraries:
0x00007ff7b8280000 - 0x00007ff7b82b7000 	C:\Program Files\Java\jdk1.8.0_202\bin\java.exe
0x00007ffdea6f0000 - 0x00007ffdea8e8000 	C:\WINDOWS\SYSTEM32\ntdll.dll
0x00007ffde8e50000 - 0x00007ffde8f0f000 	C:\WINDOWS\System32\KERNEL32.DLL
0x00007ffde7e50000 - 0x00007ffde812a000 	C:\WINDOWS\System32\KERNELBASE.dll
0x00007ffde8b10000 - 0x00007ffde8bbe000 	C:\WINDOWS\System32\ADVAPI32.dll
0x00007ffde8d30000 - 0x00007ffde8dce000 	C:\WINDOWS\System32\msvcrt.dll
0x00007ffde9d70000 - 0x00007ffde9e0c000 	C:\WINDOWS\System32\sechost.dll
0x00007ffdea580000 - 0x00007ffdea6a6000 	C:\WINDOWS\System32\RPCRT4.dll
0x00007ffde9f60000 - 0x00007ffdea0fd000 	C:\WINDOWS\System32\USER32.dll
0x00007ffde8720000 - 0x00007ffde8742000 	C:\WINDOWS\System32\win32u.dll
0x00007ffde9e10000 - 0x00007ffde9e3b000 	C:\WINDOWS\System32\GDI32.dll
0x00007ffde8320000 - 0x00007ffde8430000 	C:\WINDOWS\System32\gdi32full.dll
0x00007ffde8430000 - 0x00007ffde84cd000 	C:\WINDOWS\System32\msvcp_win.dll
0x00007ffde8620000 - 0x00007ffde8720000 	C:\WINDOWS\System32\ucrtbase.dll
0x00007ffdc33f0000 - 0x00007ffdc368a000 	C:\WINDOWS\WinSxS\amd64_microsoft.windows.common-controls_6595b64144ccf1df_6.0.19041.1110_none_60b5254171f9507e\COMCTL32.dll
0x00007ffde8d00000 - 0x00007ffde8d30000 	C:\WINDOWS\System32\IMM32.DLL
0x0000000062820000 - 0x00000000628f2000 	C:\Program Files\Java\jdk1.8.0_202\jre\bin\msvcr100.dll
0x0000000061f70000 - 0x0000000062815000 	C:\Program Files\Java\jdk1.8.0_202\jre\bin\server\jvm.dll
0x00007ffdea100000 - 0x00007ffdea108000 	C:\WINDOWS\System32\PSAPI.DLL
0x00007ffde6290000 - 0x00007ffde62b7000 	C:\WINDOWS\SYSTEM32\WINMM.dll
0x00007ffdde8a0000 - 0x00007ffdde8aa000 	C:\WINDOWS\SYSTEM32\VERSION.dll
0x00007ffdc5f30000 - 0x00007ffdc5f39000 	C:\WINDOWS\SYSTEM32\WSOCK32.dll
0x00007ffde9380000 - 0x00007ffde93eb000 	C:\WINDOWS\System32\WS2_32.dll
0x00007ffde0230000 - 0x00007ffde023f000 	C:\Program Files\Java\jdk1.8.0_202\jre\bin\verify.dll
0x00007ffdd7c30000 - 0x00007ffdd7c59000 	C:\Program Files\Java\jdk1.8.0_202\jre\bin\java.dll
0x00007ffdd7bf0000 - 0x00007ffdd7c25000 	C:\Program Files\Java\jdk1.8.0_202\jre\bin\jdwp.dll
0x00007ffdd9550000 - 0x00007ffdd9558000 	C:\Program Files\Java\jdk1.8.0_202\jre\bin\npt.dll
0x00007ffdcf110000 - 0x00007ffdcf133000 	C:\Program Files\Java\jdk1.8.0_202\jre\bin\instrument.dll
0x00007ffdd8ab0000 - 0x00007ffdd8ac6000 	C:\Program Files\Java\jdk1.8.0_202\jre\bin\zip.dll
0x00007ffde9620000 - 0x00007ffde9d64000 	C:\WINDOWS\System32\SHELL32.dll
0x00007ffde57d0000 - 0x00007ffde5f63000 	C:\WINDOWS\SYSTEM32\windows.storage.dll
0x00007ffde8f10000 - 0x00007ffde9264000 	C:\WINDOWS\System32\combase.dll
0x00007ffde7860000 - 0x00007ffde788e000 	C:\WINDOWS\SYSTEM32\Wldp.dll
0x00007ffde9400000 - 0x00007ffde94ad000 	C:\WINDOWS\System32\SHCORE.dll
0x00007ffde94b0000 - 0x00007ffde9505000 	C:\WINDOWS\System32\shlwapi.dll
0x00007ffde7d40000 - 0x00007ffde7d5f000 	C:\WINDOWS\SYSTEM32\profapi.dll
0x00007ffdd92e0000 - 0x00007ffdd92e9000 	C:\Program Files\Java\jdk1.8.0_202\jre\bin\dt_socket.dll
0x00007ffde75a0000 - 0x00007ffde760a000 	C:\WINDOWS\system32\mswsock.dll
0x00007ffdbc340000 - 0x00007ffdbc4d9000 	C:\Program Files\Java\jdk1.8.0_202\jre\bin\awt.dll
0x00007ffde8750000 - 0x00007ffde881d000 	C:\WINDOWS\System32\OLEAUT32.dll
0x00007ffde4f50000 - 0x00007ffde4fe0000 	C:\WINDOWS\SYSTEM32\apphelp.dll
0x00007ffde53c0000 - 0x00007ffde53ef000 	C:\WINDOWS\system32\DWMAPI.DLL
0x00007ffde5000000 - 0x00007ffde509e000 	C:\WINDOWS\system32\uxtheme.dll
0x00007ffdc0c40000 - 0x00007ffdc0d65000 	C:\WINDOWS\system32\opengl32.dll
0x00007ffdc6320000 - 0x00007ffdc634c000 	C:\WINDOWS\SYSTEM32\GLU32.dll
0x00007ffde9e40000 - 0x00007ffde9f54000 	C:\WINDOWS\System32\MSCTF.dll
0x00007ffde89e0000 - 0x00007ffde8b0a000 	C:\WINDOWS\System32\ole32.dll
0x00007ffde6660000 - 0x00007ffde6672000 	C:\WINDOWS\SYSTEM32\kernel.appcore.dll
0x00007ffde8130000 - 0x00007ffde81b2000 	C:\WINDOWS\System32\bcryptPrimitives.dll
0x00007ffdc2db0000 - 0x00007ffdc2df7000 	C:\Program Files\Java\jdk1.8.0_202\jre\bin\fontmanager.dll
0x00007ffde0030000 - 0x00007ffde0129000 	C:\WINDOWS\SYSTEM32\textinputframework.dll
0x00007ffde4e20000 - 0x00007ffde4f12000 	C:\WINDOWS\System32\CoreMessaging.dll
0x00007ffde49c0000 - 0x00007ffde4d1e000 	C:\WINDOWS\System32\CoreUIComponents.dll
0x00007ffde6f80000 - 0x00007ffde6fb3000 	C:\WINDOWS\SYSTEM32\ntmarta.dll
0x00007ffde4400000 - 0x00007ffde4554000 	C:\WINDOWS\SYSTEM32\wintypes.dll
0x00007ffde77b0000 - 0x00007ffde77c8000 	C:\WINDOWS\SYSTEM32\CRYPTSP.dll
0x00007ffde6e30000 - 0x00007ffde6e64000 	C:\WINDOWS\system32\rsaenh.dll
0x00007ffde84d0000 - 0x00007ffde84f7000 	C:\WINDOWS\System32\bcrypt.dll
0x00007ffde7cc0000 - 0x00007ffde7cee000 	C:\WINDOWS\SYSTEM32\USERENV.dll
0x00007ffde77d0000 - 0x00007ffde77dc000 	C:\WINDOWS\SYSTEM32\CRYPTBASE.dll
0x00007ffdcd310000 - 0x00007ffdcd32a000 	C:\Program Files\Java\jdk1.8.0_202\jre\bin\net.dll
0x00007ffddb3a0000 - 0x00007ffddb58c000 	C:\WINDOWS\SYSTEM32\urlmon.dll
0x00007ffde7270000 - 0x00007ffde727c000 	C:\WINDOWS\SYSTEM32\netutils.dll
0x00007ffdd9fe0000 - 0x00007ffdda008000 	C:\WINDOWS\SYSTEM32\srvcli.dll
0x00007ffdda600000 - 0x00007ffdda8b1000 	C:\WINDOWS\SYSTEM32\iertutil.dll
0x00007ffde7230000 - 0x00007ffde726c000 	C:\WINDOWS\SYSTEM32\IPHLPAPI.DLL
0x00007ffde93f0000 - 0x00007ffde93f8000 	C:\WINDOWS\System32\NSI.dll
0x00007ffddf5a0000 - 0x00007ffddf5b7000 	C:\WINDOWS\SYSTEM32\dhcpcsvc6.DLL
0x00007ffddf580000 - 0x00007ffddf59d000 	C:\WINDOWS\SYSTEM32\dhcpcsvc.DLL
0x00007ffde7280000 - 0x00007ffde734b000 	C:\WINDOWS\SYSTEM32\DNSAPI.dll
0x00007ffdcb4c0000 - 0x00007ffdcb4d2000 	C:\Program Files\Java\jdk1.8.0_202\jre\bin\nio.dll
0x00000000637c0000 - 0x00000000637cd000 	C:\Users\Larisa Pomidor\AppData\Local\Temp\jogamp_0000\file_cache\jln4448096321787698480\jln5302895278258223130\gluegen-rt.dll
0x00007ffdd9180000 - 0x00007ffdd9187000 	C:\Program Files\Java\jdk1.8.0_202\jre\bin\jawt.dll
0x000000006a440000 - 0x000000006a44d000 	C:\Users\Larisa Pomidor\AppData\Local\Temp\jogamp_0000\file_cache\jln4448096321787698480\jln5302895278258223130\nativewindow_awt.dll
0x000000006c100000 - 0x000000006c10f000 	C:\Users\Larisa Pomidor\AppData\Local\Temp\jogamp_0000\file_cache\jln4448096321787698480\jln5302895278258223130\nativewindow_win32.dll
0x0000000064500000 - 0x00000000645a2000 	C:\Users\Larisa Pomidor\AppData\Local\Temp\jogamp_0000\file_cache\jln4448096321787698480\jln5302895278258223130\jogl_desktop.dll
0x00007ffde92d0000 - 0x00007ffde9379000 	C:\WINDOWS\System32\clbcatq.dll
0x00007ffd94470000 - 0x00007ffd9546e000 	C:\WINDOWS\System32\DriverStore\FileRepository\iigd_dch.inf_amd64_fbe1b7299322ac67\ig12icd64.dll
0x00007ffde67a0000 - 0x00007ffde6893000 	C:\WINDOWS\system32\dxgi.dll
0x00007ffdaa880000 - 0x00007ffdaac87000 	C:\WINDOWS\System32\DriverStore\FileRepository\iigd_dch.inf_amd64_fbe1b7299322ac67\igdml64.dll
0x00007ffddc170000 - 0x00007ffddc41a000 	C:\WINDOWS\System32\DriverStore\FileRepository\iigd_dch.inf_amd64_fbe1b7299322ac67\igdgmm64.dll
0x00007ffdd4fd0000 - 0x00007ffdd7b5f000 	C:\WINDOWS\System32\DriverStore\FileRepository\iigd_dch.inf_amd64_fbe1b7299322ac67\igc64.dll
0x00007ffde7350000 - 0x00007ffde739b000 	C:\WINDOWS\SYSTEM32\powrprof.dll
0x00007ffde7210000 - 0x00007ffde7222000 	C:\WINDOWS\SYSTEM32\UMPDC.dll
0x00007ffdc5dc0000 - 0x00007ffdc5de4000 	C:\Program Files\Java\jdk1.8.0_202\jre\bin\sunec.dll
0x00007ffdcf400000 - 0x00007ffdcf40b000 	C:\Program Files\Java\jdk1.8.0_202\jre\bin\sunmscapi.dll
0x00007ffde81c0000 - 0x00007ffde8316000 	C:\WINDOWS\System32\CRYPT32.dll
0x00007ffdde460000 - 0x00007ffdde46a000 	C:\Windows\System32\rasadhlp.dll
0x00007ffdde1d0000 - 0x00007ffdde250000 	C:\WINDOWS\System32\fwpuclnt.dll
0x00007ffde6080000 - 0x00007ffde6264000 	C:\WINDOWS\SYSTEM32\dbghelp.dll

VM Arguments:
jvm_args: -agentlib:jdwp=transport=dt_socket,address=127.0.0.1:51208,suspend=y,server=n -javaagent:C:\Users\LARISA~1\AppData\Local\Temp\captureAgent6jars\debugger-agent.jar -Dfile.encoding=UTF-8 
java_command: module4.EarthquakeCityMap
java_class_path (initial): C:\Program Files\Java\jdk1.8.0_202\jre\lib\charsets.jar;C:\Program Files\Java\jdk1.8.0_202\jre\lib\deploy.jar;C:\Program Files\Java\jdk1.8.0_202\jre\lib\ext\access-bridge-64.jar;C:\Program Files\Java\jdk1.8.0_202\jre\lib\ext\cldrdata.jar;C:\Program Files\Java\jdk1.8.0_202\jre\lib\ext\dnsns.jar;C:\Program Files\Java\jdk1.8.0_202\jre\lib\ext\jaccess.jar;C:\Program Files\Java\jdk1.8.0_202\jre\lib\ext\jfxrt.jar;C:\Program Files\Java\jdk1.8.0_202\jre\lib\ext\localedata.jar;C:\Program Files\Java\jdk1.8.0_202\jre\lib\ext\nashorn.jar;C:\Program Files\Java\jdk1.8.0_202\jre\lib\ext\sunec.jar;C:\Program Files\Java\jdk1.8.0_202\jre\lib\ext\sunjce_provider.jar;C:\Program Files\Java\jdk1.8.0_202\jre\lib\ext\sunmscapi.jar;C:\Program Files\Java\jdk1.8.0_202\jre\lib\ext\sunpkcs11.jar;C:\Program Files\Java\jdk1.8.0_202\jre\lib\ext\zipfs.jar;C:\Program Files\Java\jdk1.8.0_202\jre\lib\javaws.jar;C:\Program Files\Java\jdk1.8.0_202\jre\lib\jce.jar;C:\Program Files\Java\jdk1.8.0_202\jre\lib\jfr.jar;C:\Program Files\Java\jdk1.8.0_202\jre\lib\jfxswt.jar;C:\Program Files\Java\jdk1.8.0_202\jre\lib\jsse.jar;C:\Program Files\Java\jdk1.8.0_202\jre\lib\management-agent.jar;C:\Program Files\Java\jdk1.8.0_202\jre\lib\plugin.jar;C:\Program Files\Java\jdk1.8.0_202\jre\lib\resources.jar;C:\Program Files\Java\jdk1.8.0_202\jre\lib\rt.jar;C:\Users\Larisa Pomidor\Downloads\_3c3ec51e972ae18cabe2019f6aa77791_OOPStarterCode\UCSDUnfoldingMaps\build;C:\Users\Larisa Pomidor\Downloads\_3c3ec51e972ae18cabe2019f6aa77791_OOPStarterCode\UCSDUnfoldingMaps\lib\core.jar;C:\Users\Larisa Pomidor\Downloads\_3c3ec51e972ae18cabe2019f6aa77791_OOPStarterCode\UCSDUnfoldingMaps\lib\gluegen-rt.jar;C:\Users\Larisa Pomidor\Downloads\_3c3ec51e972ae18cabe2019f6aa77791_OOPStarterCode\UCSDUnfoldingMaps\lib\jogl-all.jar;C:\Users\Larisa Pomidor\Downloads\_3c3ec51e972ae18cabe2019f6aa77791_OOPStarterCode\UCSDUnfoldingMaps\lib\log4j-1.2.15.jar;C:\Users\Larisa Pomidor\Downloads\_3c3ec51e972ae18cabe2019f6aa77791_
Launcher Type: SUN_STANDARD

Environment Variables:
PATH=C:\Program Files (x86)\Common Files\Oracle\Java\javapath;C:\Program Files\Common Files\Oracle\Java\javapath;C:\WINDOWS\system32;C:\WINDOWS;C:\WINDOWS\System32\Wbem;C:\WINDOWS\System32\WindowsPowerShell\v1.0\;C:\WINDOWS\System32\OpenSSH\;D:\Programs\Git\cmd;C:\Program Files\dotnet\;D:\Programs\nvm;C:\Program Files\nodejs;D:\Programs\NodeJs\;C:\Program Files\Docker\Docker\resources\bin;C:\Program Files\MySQL\MySQL Shell 8.0\bin\;C:\Users\Larisa Pomidor\AppData\Local\Microsoft\WindowsApps;D:\Programs\Microsoft VS Code\bin;D:\Programs\JetBrains\IntelliJ IDEA Community Edition 2022.2\bin;;D:\Programs\nvm;C:\Program Files\nodejs;C:\Users\Larisa Pomidor\AppData\Roaming\npm
USERNAME=Larisa Pomidor
OS=Windows_NT
PROCESSOR_IDENTIFIER=Intel64 Family 6 Model 140 Stepping 1, GenuineIntel



---------------  S Y S T E M  ---------------

OS: Windows 10.0 , 64 bit Build 19041 (10.0.19041.2788)

CPU:total 8 (initial active 8) (4 cores per cpu, 2 threads per core) family 6 model 140 stepping 1, cmov, cx8, fxsr, mmx, sse, sse2, sse3, ssse3, sse4.1, sse4.2, popcnt, avx, avx2, aes, clmul, erms, 3dnowpref, lzcnt, ht, tsc, tscinvbit, bmi1, bmi2, adx

Memory: 4k page, physical 16555320k(2760680k free), swap 27607272k(7481256k free)

vm_info: Java HotSpot(TM) 64-Bit Server VM (25.202-b08) for windows-amd64 JRE (1.8.0_202-b08), built on Dec 15 2018 19:54:30 by "java_re" with MS VC++ 10.0 (VS2010)

time: Wed May 10 19:00:26 2023
timezone: Финляндия (лето)
elapsed time: 616 seconds (0d 0h 10m 16s)

