#
# A fatal error has been detected by the Java Runtime Environment:
#
#  EXCEPTION_ACCESS_VIOLATION (0xc0000005) at pc=0x00007ffd94754612, pid=71616, tid=0x000000000001172c
#
# JRE version: Java(TM) SE Runtime Environment (8.0_202-b08) (build 1.8.0_202-b08)
# Java VM: Java HotSpot(TM) 64-Bit Server VM (25.202-b08 mixed mode windows-amd64 compressed oops)
# Problematic frame:
# C  [ig12icd64.dll+0x2e4612]
#
# Failed to write core dump. Minidumps are not enabled by default on client versions of Windows
#
# If you would like to submit a bug report, please visit:
#   http://bugreport.java.com/bugreport/crash.jsp
# The crash happened outside the Java Virtual Machine in native code.
# See problematic frame for where to report the bug.
#

---------------  T H R E A D  ---------------

Current thread (0x0000000020141800):  JavaThread "AWT-EventQueue-0" [_thread_in_native, id=71468, stack(0x00000000212f0000,0x00000000213f0000)]

siginfo: ExceptionCode=0xc0000005, reading address 0x00007ffd95537fd8

Registers:
RAX=0x0000000000007ffd, RBX=0x00000000213ed670, RCX=0x000000000019ff64, RDX=0x00000000213ed880
RSP=0x00000000213ed368, RBP=0x00000000213ed470, RSI=0x0000000000000001, RDI=0x00000000213ed670
R8 =0x00000000213ed4a0, R9 =0x00000000213ed880, R10=0x0000000000000400, R11=0x00000000213ed710
R12=0x0000000000000000, R13=0x0000000023864140, R14=0x00007ffd95398050, R15=0x0000000000000000
RIP=0x00007ffd94754612, EFLAGS=0x0000000000010202

Top of Stack: (sp=0x00000000213ed368)
0x00000000213ed368:   00007ffd94752e6e 00000000213ed880
0x00000000213ed378:   00000000213ed470 0000000000000000
0x00000000213ed388:   0000000000000000 0000000061040001
0x00000000213ed398:   0000000000000000 0000000000000000
0x00000000213ed3a8:   00000000213ed4d8 0000000000000002
0x00000000213ed3b8:   00007ffd94e4af96 0000000000000000
0x00000000213ed3c8:   00007ffd9464cbd2 00000000213ed540
0x00000000213ed3d8:   0000000000000000 001000027a000004
0x00000000213ed3e8:   0000000000000000 0000000000000000
0x00000000213ed3f8:   00000000213ed670 0000698dce62cf42
0x00000000213ed408:   00007ffdea71b86b 00000000010f01d5
0x00000000213ed418:   0000000000000028 000000002940fbd0
0x00000000213ed428:   00007ffdea71b86b 00000000042c023a
0x00000000213ed438:   0000000000000030 0000000029d88e00
0x00000000213ed448:   0000000000f51500 0000000000f2086d
0x00000000213ed458:   0000000000f50000 0000000000000000 

Instructions: (pc=0x00007ffd94754612)
0x00007ffd947545f2:   31 08 41 89 40 44 42 8b 44 31 0c 41 89 40 48 42
0x00007ffd94754602:   8b 44 31 10 41 89 40 4c 48 63 43 78 48 6b c8 34
0x00007ffd94754612:   42 8b 44 31 24 41 89 40 50 42 8b 44 31 28 41 89
0x00007ffd94754622:   40 54 42 8b 44 31 2c 41 89 40 58 42 8b 44 31 30 


Register to memory mapping:

RAX=0x0000000000007ffd is an unknown value
RBX=0x00000000213ed670 is pointing into the stack for thread: 0x0000000020141800
RCX=0x000000000019ff64 is an unknown value
RDX=0x00000000213ed880 is pointing into the stack for thread: 0x0000000020141800
RSP=0x00000000213ed368 is pointing into the stack for thread: 0x0000000020141800
RBP=0x00000000213ed470 is pointing into the stack for thread: 0x0000000020141800
RSI=0x0000000000000001 is an unknown value
RDI=0x00000000213ed670 is pointing into the stack for thread: 0x0000000020141800
R8 =0x00000000213ed4a0 is pointing into the stack for thread: 0x0000000020141800
R9 =0x00000000213ed880 is pointing into the stack for thread: 0x0000000020141800
R10=0x0000000000000400 is an unknown value
R11=0x00000000213ed710 is pointing into the stack for thread: 0x0000000020141800
R12=0x0000000000000000 is an unknown value
R13={method} {0x0000000023864148} 'dispatch_glClear1' '(IJ)V' in 'jogamp/opengl/gl4/GL4bcImpl'
R14=0x00007ffd95398050 is an unknown value
R15=0x0000000000000000 is an unknown value


Stack: [0x00000000212f0000,0x00000000213f0000],  sp=0x00000000213ed368,  free space=1012k
Native frames: (J=compiled Java code, j=interpreted, Vv=VM code, C=native code)
C  [ig12icd64.dll+0x2e4612]
C  [ig12icd64.dll+0x2e2e6e]
C  [ig12icd64.dll+0x2e7f49]
C  [ig12icd64.dll+0xae7d5]
C  [ig12icd64.dll+0xaf234]
C  [ig12icd64.dll+0x1c327b]
C  [ig12icd64.dll+0xa103c3]
C  0x00000000033b1df0

Java frames: (J=compiled Java code, j=interpreted, Vv=VM code)
j  jogamp.opengl.gl4.GL4bcImpl.dispatch_glClear1(IJ)V+0
j  jogamp.opengl.gl4.GL4bcImpl.glClear(I)V+46
j  processing.opengl.PJOGL.clear(I)V+5
j  processing.opengl.PGL.endDraw(Z)V+40
j  processing.opengl.PJOGL.endDraw(Z)V+158
j  processing.opengl.PGraphicsOpenGL.endOnscreenDraw()V+8
j  processing.opengl.PGraphicsOpenGL.endDraw()V+62
j  processing.core.PApplet.handleDraw()V+270
j  processing.opengl.PJOGL$PGLListener.display(Ljavax/media/opengl/GLAutoDrawable;)V+494
j  jogamp.opengl.GLDrawableHelper.displayImpl(Ljavax/media/opengl/GLAutoDrawable;)V+81
j  jogamp.opengl.GLDrawableHelper.display(Ljavax/media/opengl/GLAutoDrawable;)V+2
j  javax.media.opengl.awt.GLCanvas$10.run()V+118
j  jogamp.opengl.GLDrawableHelper.invokeGLImpl(Ljavax/media/opengl/GLDrawable;Ljavax/media/opengl/GLContext;Ljava/lang/Runnable;Ljava/lang/Runnable;)V+203
j  jogamp.opengl.GLDrawableHelper.invokeGL(Ljavax/media/opengl/GLDrawable;Ljavax/media/opengl/GLContext;Ljava/lang/Runnable;Ljava/lang/Runnable;)V+72
j  javax.media.opengl.awt.GLCanvas$11.run()V+73
j  java.awt.event.InvocationEvent.dispatch$$$capture()V+11
j  java.awt.event.InvocationEvent.dispatch()V+5
j  java.awt.EventQueue.dispatchEventImpl(Ljava/awt/AWTEvent;Ljava/lang/Object;)V+21
j  java.awt.EventQueue.access$500(Ljava/awt/EventQueue;Ljava/awt/AWTEvent;Ljava/lang/Object;)V+3
j  java.awt.EventQueue$3.run()Ljava/lang/Void;+32
j  java.awt.EventQueue$3.run()Ljava/lang/Object;+1
v  ~StubRoutines::call_stub
j  java.security.AccessController.doPrivileged(Ljava/security/PrivilegedAction;Ljava/security/AccessControlContext;)Ljava/lang/Object;+0
j  java.security.ProtectionDomain$JavaSecurityAccessImpl.doIntersectionPrivilege(Ljava/security/PrivilegedAction;Ljava/security/AccessControlContext;Ljava/security/AccessControlContext;)Ljava/lang/Object;+18
j  java.awt.EventQueue.dispatchEvent(Ljava/awt/AWTEvent;)V+46
j  java.awt.EventDispatchThread.pumpOneEventForFilters(I)V+140
j  java.awt.EventDispatchThread.pumpEventsForFilter(ILjava/awt/Conditional;Ljava/awt/EventFilter;)V+35
j  java.awt.EventDispatchThread.pumpEventsForHierarchy(ILjava/awt/Conditional;Ljava/awt/Component;)V+11
j  java.awt.EventDispatchThread.pumpEvents(ILjava/awt/Conditional;)V+4
j  java.awt.EventDispatchThread.pumpEvents(Ljava/awt/Conditional;)V+3
j  java.awt.EventDispatchThread.run()V+9
v  ~StubRoutines::call_stub

---------------  P R O C E S S  ---------------

Java Threads: ( => current thread )
  0x000000001eb2c800 JavaThread "SIGINT handler" daemon [_thread_blocked, id=69692, stack(0x000000001f5f0000,0x000000001f6f0000)]
  0x0000000003294000 JavaThread "DestroyJavaVM" [_thread_blocked, id=71256, stack(0x0000000002ff0000,0x00000000030f0000)]
  0x00000000201a7800 JavaThread "Animation Thread" [_thread_blocked, id=71264, stack(0x00000000218f0000,0x00000000219f0000)]
=>0x0000000020141800 JavaThread "AWT-EventQueue-0" [_thread_in_native, id=71468, stack(0x00000000212f0000,0x00000000213f0000)]
  0x00000000200c1000 JavaThread "AWT-Shutdown" [_thread_blocked, id=71560, stack(0x0000000020800000,0x0000000020900000)]
  0x00000000200b6800 JavaThread "Java2D Disposer" daemon [_thread_blocked, id=67688, stack(0x0000000020700000,0x0000000020800000)]
  0x000000001ec59000 JavaThread "Service Thread" daemon [_thread_blocked, id=69000, stack(0x000000001faf0000,0x000000001fbf0000)]
  0x000000001eb98800 JavaThread "C1 CompilerThread3" daemon [_thread_blocked, id=71652, stack(0x000000001f9f0000,0x000000001faf0000)]
  0x000000001eb98000 JavaThread "C2 CompilerThread2" daemon [_thread_blocked, id=69876, stack(0x000000001f8f0000,0x000000001f9f0000)]
  0x000000001eb97000 JavaThread "C2 CompilerThread1" daemon [_thread_blocked, id=59808, stack(0x000000001f7f0000,0x000000001f8f0000)]
  0x000000001eb4a800 JavaThread "C2 CompilerThread0" daemon [_thread_blocked, id=70964, stack(0x000000001f6f0000,0x000000001f7f0000)]
  0x000000001eb29800 JavaThread "JDWP Event Helper Thread" daemon [_thread_blocked, id=71416, stack(0x000000001f4f0000,0x000000001f5f0000)]
  0x000000001eb13800 JavaThread "Attach Listener" daemon [_thread_blocked, id=71212, stack(0x000000001f2f0000,0x000000001f3f0000)]
  0x000000001cd1e000 JavaThread "Signal Dispatcher" daemon [_thread_blocked, id=67936, stack(0x000000001f1f0000,0x000000001f2f0000)]
  0x000000001eb01800 JavaThread "Finalizer" daemon [_thread_blocked, id=69888, stack(0x000000001efe0000,0x000000001f0e0000)]
  0x000000001eb00800 JavaThread "Reference Handler" daemon [_thread_blocked, id=71312, stack(0x000000001eee0000,0x000000001efe0000)]

Other Threads:
  0x000000001cd09800 VMThread [stack: 0x000000001e9e0000,0x000000001eae0000] [id=67632]

VM state:at safepoint (normal execution)

VM Mutex/Monitor currently owned by a thread:  ([mutex/lock_event])
[0x00000000032912d0] Threads_lock - owner thread: 0x000000001cd09800

heap address: 0x00000006c3600000, size: 4042 MB, Compressed Oops mode: Zero based, Oop shift amount: 3
Narrow klass base: 0x0000000000000000, Narrow klass shift: 3
Compressed class space size: 1073741824 Address: 0x00000007c0000000

Heap:
 PSYoungGen      total 75776K, used 40703K [0x000000076bd00000, 0x0000000771180000, 0x00000007c0000000)
  eden space 65024K, 48% used [0x000000076bd00000,0x000000076dbea7e8,0x000000076fc80000)
  from space 10752K, 84% used [0x000000076fc80000,0x00000007705557a0,0x0000000770700000)
  to   space 10752K, 0% used [0x0000000770700000,0x0000000770700000,0x0000000771180000)
 ParOldGen       total 173568K, used 0K [0x00000006c3600000, 0x00000006cdf80000, 0x000000076bd00000)
  object space 173568K, 0% used [0x00000006c3600000,0x00000006c3600000,0x00000006cdf80000)
 Metaspace       used 19222K, capacity 19375K, committed 19712K, reserved 1067008K
  class space    used 1897K, capacity 1955K, committed 2048K, reserved 1048576K

Card table byte_map: [0x0000000012750000,0x0000000012f40000] byte_map_base: 0x000000000f135000

Marking Bits: (ParMarkBitMap*) 0x0000000062795ce0
 Begin Bits: [0x0000000013c90000, 0x0000000017bb8000)
 End Bits:   [0x0000000017bb8000, 0x000000001bae0000)

Polling page: 0x0000000003100000

CodeCache: size=245760Kb used=4416Kb max_used=4428Kb free=241343Kb
 bounds [0x0000000003390000, 0x0000000003800000, 0x0000000012390000]
 total_blobs=1875 nmethods=996 adapters=800
 compilation: enabled

Compilation events (10 events):
Event: 7.408 Thread 0x000000001eb98800  993       3       java.nio.CharBuffer::<init> (22 bytes)
Event: 7.408 Thread 0x000000001eb98800 nmethod 993 0x00000000037a9e90 code [0x00000000037aa000, 0x00000000037aa1e8]
Event: 7.408 Thread 0x000000001eb98800  990       1       sun.nio.cs.StreamEncoder::isOpen (5 bytes)
Event: 7.408 Thread 0x000000001eb98800 nmethod 990 0x000000000379fbd0 code [0x000000000379fd20, 0x000000000379fe30]
Event: 7.461 Thread 0x000000001eb98800  994 %     3       processing.opengl.PGL::nativeToJavaARGB @ 21 (264 bytes)
Event: 7.461 Thread 0x000000001eb98800 nmethod 994% 0x00000000037a9110 code [0x00000000037a92c0, 0x00000000037a99b0]
Event: 7.461 Thread 0x000000001eb98800  995       3       processing.opengl.PGL::nativeToJavaARGB (264 bytes)
Event: 7.462 Thread 0x000000001eb98800 nmethod 995 0x00000000037a8410 code [0x00000000037a85c0, 0x00000000037a8c30]
Event: 7.462 Thread 0x000000001eb98000  996 %     4       processing.opengl.PGL::nativeToJavaARGB @ 21 (264 bytes)
Event: 7.465 Thread 0x000000001eb98000 nmethod 996% 0x00000000037a4890 code [0x00000000037a49e0, 0x00000000037a4fd8]

GC Heap History (2 events):
Event: 1.174 GC heap before
{Heap before GC invocations=1 (full 0):
 PSYoungGen      total 75776K, used 65024K [0x000000076bd00000, 0x0000000771180000, 0x00000007c0000000)
  eden space 65024K, 100% used [0x000000076bd00000,0x000000076fc80000,0x000000076fc80000)
  from space 10752K, 0% used [0x0000000770700000,0x0000000770700000,0x0000000771180000)
  to   space 10752K, 0% used [0x000000076fc80000,0x000000076fc80000,0x0000000770700000)
 ParOldGen       total 173568K, used 0K [0x00000006c3600000, 0x00000006cdf80000, 0x000000076bd00000)
  object space 173568K, 0% used [0x00000006c3600000,0x00000006c3600000,0x00000006cdf80000)
 Metaspace       used 16761K, capacity 16995K, committed 17152K, reserved 1064960K
  class space    used 1611K, capacity 1697K, committed 1792K, reserved 1048576K
Event: 1.183 GC heap after
Heap after GC invocations=1 (full 0):
 PSYoungGen      total 75776K, used 9045K [0x000000076bd00000, 0x0000000771180000, 0x00000007c0000000)
  eden space 65024K, 0% used [0x000000076bd00000,0x000000076bd00000,0x000000076fc80000)
  from space 10752K, 84% used [0x000000076fc80000,0x00000007705557a0,0x0000000770700000)
  to   space 10752K, 0% used [0x0000000770700000,0x0000000770700000,0x0000000771180000)
 ParOldGen       total 173568K, used 0K [0x00000006c3600000, 0x00000006cdf80000, 0x000000076bd00000)
  object space 173568K, 0% used [0x00000006c3600000,0x00000006c3600000,0x00000006cdf80000)
 Metaspace       used 16761K, capacity 16995K, committed 17152K, reserved 1064960K
  class space    used 1611K, capacity 1697K, committed 1792K, reserved 1048576K
}

Deoptimization events (6 events):
Event: 0.102 Thread 0x0000000003294000 Uncommon trap: reason=unstable_if action=reinterpret pc=0x000000000349ef84 method=java.lang.String.hashCode()I @ 14
Event: 0.421 Thread 0x00000000201a7800 Uncommon trap: reason=unstable_if action=reinterpret pc=0x000000000359f0c4 method=java.lang.String.indexOf([CII[CIII)I @ 3
Event: 1.441 Thread 0x0000000020141800 Uncommon trap: reason=unstable_if action=reinterpret pc=0x000000000373df64 method=com.jogamp.common.util.IntIntHashMap.get(I)I @ 19
Event: 1.502 Thread 0x0000000020141800 Uncommon trap: reason=unstable_if action=reinterpret pc=0x00000000036e6eb4 method=java.lang.reflect.AccessibleObject.setAccessible0(Ljava/lang/reflect/AccessibleObject;Z)V @ 4
Event: 4.716 Thread 0x0000000020141800 Uncommon trap: reason=unstable_if action=reinterpret pc=0x00000000036cb910 method=java.lang.Integer.getChars(II[C)V @ 20
Event: 7.424 Thread 0x000000001eb2c800 Uncommon trap: reason=unstable_if action=reinterpret pc=0x0000000003799f78 method=java.util.Arrays.copyOf([Ljava/lang/Object;ILjava/lang/Class;)[Ljava/lang/Object; @ 3

Classes redefined (0 events):
No events

Internal exceptions (10 events):
Event: 0.146 Thread 0x0000000003294000 Exception <a 'java/security/PrivilegedActionException'> (0x000000076c344808) thrown at [C:\re\workspace\8-2-build-windows-amd64-cygwin\jdk8u202\12323\hotspot\src\share\vm\prims\jvm.cpp, line 1502]
Event: 0.146 Thread 0x0000000003294000 Exception <a 'java/security/PrivilegedActionException'> (0x000000076c344a18) thrown at [C:\re\workspace\8-2-build-windows-amd64-cygwin\jdk8u202\12323\hotspot\src\share\vm\prims\jvm.cpp, line 1502]
Event: 0.155 Thread 0x0000000003294000 Exception <a 'java/io/FileNotFoundException'> (0x000000076c374838) thrown at [C:\re\workspace\8-2-build-windows-amd64-cygwin\jdk8u202\12323\hotspot\src\share\vm\prims\jni.cpp, line 710]
Event: 0.193 Thread 0x0000000003294000 Exception <a 'java/lang/NoSuchFieldError': method resolution failed> (0x000000076c505348) thrown at [C:\re\workspace\8-2-build-windows-amd64-cygwin\jdk8u202\12323\hotspot\src\share\vm\prims\methodHandles.cpp, line 1167]
Event: 0.194 Thread 0x0000000003294000 Exception <a 'java/lang/NoSuchFieldError': method resolution failed> (0x000000076c5137d8) thrown at [C:\re\workspace\8-2-build-windows-amd64-cygwin\jdk8u202\12323\hotspot\src\share\vm\prims\methodHandles.cpp, line 1167]
Event: 0.243 Thread 0x0000000003294000 Exception <a 'java/io/FileNotFoundException'> (0x000000076c9b20f0) thrown at [C:\re\workspace\8-2-build-windows-amd64-cygwin\jdk8u202\12323\hotspot\src\share\vm\prims\jni.cpp, line 710]
Event: 0.323 Thread 0x0000000003294000 Exception <a 'java/lang/NullPointerException'> (0x000000076d1831d8) thrown at [C:\re\workspace\8-2-build-windows-amd64-cygwin\jdk8u202\12323\hotspot\src\share\vm\interpreter\linkResolver.cpp, line 1287]
Event: 1.229 Thread 0x00000000201a7800 Exception <a 'java/lang/InterruptedException'> (0x000000076c1c0b40) thrown at [C:\re\workspace\8-2-build-windows-amd64-cygwin\jdk8u202\12323\hotspot\src\share\vm\runtime\objectMonitor.cpp, line 1684]
Event: 1.243 Thread 0x00000000201a7800 Exception <a 'java/lang/reflect/InvocationTargetException'> (0x000000076c2fd350) thrown at [C:\re\workspace\8-2-build-windows-amd64-cygwin\jdk8u202\12323\hotspot\src\share\vm\runtime\reflection.cpp, line 1092]
Event: 1.441 Thread 0x0000000020141800 Implicit null exception at 0x000000000373deaf to 0x000000000373df45

Events (10 events):
Event: 7.460 Thread 0x000000002018d000 DEOPT PACKING pc=0x00000000034fcb24 sp=0x00000000216ed8f0
Event: 7.460 Thread 0x000000002018d000 DEOPT UNPACKING pc=0x00000000033d7890 sp=0x00000000216ed710 mode 1
Event: 7.460 Executing VM operation: RevokeBias
Event: 7.460 Executing VM operation: RevokeBias done
Event: 7.460 Thread 0x000000002018d000 DEOPT PACKING pc=0x00000000034fc8bc sp=0x00000000216eda80
Event: 7.460 Thread 0x000000002018d000 DEOPT UNPACKING pc=0x00000000033d7890 sp=0x00000000216ed8a0 mode 1
Event: 7.460 Thread 0x000000002018d000 Thread exited: 0x000000002018d000
Event: 7.462 Thread 0x00000000200c3800 Thread exited: 0x00000000200c3800
Event: 7.535 Thread 0x000000001eb1e800 Thread exited: 0x000000001eb1e800
Event: 7.535 Executing VM operation: Exit


Dynamic libraries:
0x00007ff7b8280000 - 0x00007ff7b82b7000 	C:\Program Files\Java\jdk1.8.0_202\bin\java.exe
0x00007ffdea6f0000 - 0x00007ffdea8e8000 	C:\WINDOWS\SYSTEM32\ntdll.dll
0x00007ffde8e50000 - 0x00007ffde8f0f000 	C:\WINDOWS\System32\KERNEL32.DLL
0x00007ffde7e50000 - 0x00007ffde812a000 	C:\WINDOWS\System32\KERNELBASE.dll
0x00007ffde8b10000 - 0x00007ffde8bbe000 	C:\WINDOWS\System32\ADVAPI32.dll
0x00007ffde8d30000 - 0x00007ffde8dce000 	C:\WINDOWS\System32\msvcrt.dll
0x00007ffde9d70000 - 0x00007ffde9e0c000 	C:\WINDOWS\System32\sechost.dll
0x00007ffdea580000 - 0x00007ffdea6a6000 	C:\WINDOWS\System32\RPCRT4.dll
0x00007ffde9f60000 - 0x00007ffdea0fd000 	C:\WINDOWS\System32\USER32.dll
0x00007ffde8720000 - 0x00007ffde8742000 	C:\WINDOWS\System32\win32u.dll
0x00007ffde9e10000 - 0x00007ffde9e3b000 	C:\WINDOWS\System32\GDI32.dll
0x00007ffde8320000 - 0x00007ffde8430000 	C:\WINDOWS\System32\gdi32full.dll
0x00007ffde8430000 - 0x00007ffde84cd000 	C:\WINDOWS\System32\msvcp_win.dll
0x00007ffde8620000 - 0x00007ffde8720000 	C:\WINDOWS\System32\ucrtbase.dll
0x00007ffdc33f0000 - 0x00007ffdc368a000 	C:\WINDOWS\WinSxS\amd64_microsoft.windows.common-controls_6595b64144ccf1df_6.0.19041.1110_none_60b5254171f9507e\COMCTL32.dll
0x00007ffde8d00000 - 0x00007ffde8d30000 	C:\WINDOWS\System32\IMM32.DLL
0x0000000062820000 - 0x00000000628f2000 	C:\Program Files\Java\jdk1.8.0_202\jre\bin\msvcr100.dll
0x0000000061f70000 - 0x0000000062815000 	C:\Program Files\Java\jdk1.8.0_202\jre\bin\server\jvm.dll
0x00007ffdea100000 - 0x00007ffdea108000 	C:\WINDOWS\System32\PSAPI.DLL
0x00007ffdc5f30000 - 0x00007ffdc5f39000 	C:\WINDOWS\SYSTEM32\WSOCK32.dll
0x00007ffdde8a0000 - 0x00007ffdde8aa000 	C:\WINDOWS\SYSTEM32\VERSION.dll
0x00007ffde6290000 - 0x00007ffde62b7000 	C:\WINDOWS\SYSTEM32\WINMM.dll
0x00007ffde9380000 - 0x00007ffde93eb000 	C:\WINDOWS\System32\WS2_32.dll
0x00007ffde0230000 - 0x00007ffde023f000 	C:\Program Files\Java\jdk1.8.0_202\jre\bin\verify.dll
0x00007ffdd7c30000 - 0x00007ffdd7c59000 	C:\Program Files\Java\jdk1.8.0_202\jre\bin\java.dll
0x00007ffdd7bf0000 - 0x00007ffdd7c25000 	C:\Program Files\Java\jdk1.8.0_202\jre\bin\jdwp.dll
0x00007ffdd92e0000 - 0x00007ffdd92e8000 	C:\Program Files\Java\jdk1.8.0_202\jre\bin\npt.dll
0x00007ffdcf110000 - 0x00007ffdcf133000 	C:\Program Files\Java\jdk1.8.0_202\jre\bin\instrument.dll
0x00007ffdd9550000 - 0x00007ffdd9566000 	C:\Program Files\Java\jdk1.8.0_202\jre\bin\zip.dll
0x00007ffde9620000 - 0x00007ffde9d64000 	C:\WINDOWS\System32\SHELL32.dll
0x00007ffde57d0000 - 0x00007ffde5f63000 	C:\WINDOWS\SYSTEM32\windows.storage.dll
0x00007ffde8f10000 - 0x00007ffde9264000 	C:\WINDOWS\System32\combase.dll
0x00007ffde7860000 - 0x00007ffde788e000 	C:\WINDOWS\SYSTEM32\Wldp.dll
0x00007ffde9400000 - 0x00007ffde94ad000 	C:\WINDOWS\System32\SHCORE.dll
0x00007ffde94b0000 - 0x00007ffde9505000 	C:\WINDOWS\System32\shlwapi.dll
0x00007ffde7d40000 - 0x00007ffde7d5f000 	C:\WINDOWS\SYSTEM32\profapi.dll
0x00007ffdd9270000 - 0x00007ffdd9279000 	C:\Program Files\Java\jdk1.8.0_202\jre\bin\dt_socket.dll
0x00007ffde75a0000 - 0x00007ffde760a000 	C:\WINDOWS\system32\mswsock.dll
0x00007ffdbff90000 - 0x00007ffdc0129000 	C:\Program Files\Java\jdk1.8.0_202\jre\bin\awt.dll
0x00007ffde8750000 - 0x00007ffde881d000 	C:\WINDOWS\System32\OLEAUT32.dll
0x00007ffde4f50000 - 0x00007ffde4fe0000 	C:\WINDOWS\SYSTEM32\apphelp.dll
0x00007ffde53c0000 - 0x00007ffde53ef000 	C:\WINDOWS\system32\DWMAPI.DLL
0x00007ffde5000000 - 0x00007ffde509e000 	C:\WINDOWS\system32\uxtheme.dll
0x00007ffdc0c40000 - 0x00007ffdc0d65000 	C:\WINDOWS\system32\opengl32.dll
0x00007ffdc6320000 - 0x00007ffdc634c000 	C:\WINDOWS\SYSTEM32\GLU32.dll
0x00007ffde9e40000 - 0x00007ffde9f54000 	C:\WINDOWS\System32\MSCTF.dll
0x00007ffde89e0000 - 0x00007ffde8b0a000 	C:\WINDOWS\System32\ole32.dll
0x00007ffde6660000 - 0x00007ffde6672000 	C:\WINDOWS\SYSTEM32\kernel.appcore.dll
0x00007ffde8130000 - 0x00007ffde81b2000 	C:\WINDOWS\System32\bcryptPrimitives.dll
0x00007ffdc5dc0000 - 0x00007ffdc5e07000 	C:\Program Files\Java\jdk1.8.0_202\jre\bin\fontmanager.dll
0x00007ffde0030000 - 0x00007ffde0129000 	C:\WINDOWS\SYSTEM32\textinputframework.dll
0x00007ffde4e20000 - 0x00007ffde4f12000 	C:\WINDOWS\System32\CoreMessaging.dll
0x00007ffde49c0000 - 0x00007ffde4d1e000 	C:\WINDOWS\System32\CoreUIComponents.dll
0x00007ffde6f80000 - 0x00007ffde6fb3000 	C:\WINDOWS\SYSTEM32\ntmarta.dll
0x00007ffde4400000 - 0x00007ffde4554000 	C:\WINDOWS\SYSTEM32\wintypes.dll
0x00007ffde77b0000 - 0x00007ffde77c8000 	C:\WINDOWS\SYSTEM32\CRYPTSP.dll
0x00007ffde6e30000 - 0x00007ffde6e64000 	C:\WINDOWS\system32\rsaenh.dll
0x00007ffde84d0000 - 0x00007ffde84f7000 	C:\WINDOWS\System32\bcrypt.dll
0x00007ffde7cc0000 - 0x00007ffde7cee000 	C:\WINDOWS\SYSTEM32\USERENV.dll
0x00007ffde77d0000 - 0x00007ffde77dc000 	C:\WINDOWS\SYSTEM32\CRYPTBASE.dll
0x00007ffdd8ab0000 - 0x00007ffdd8aca000 	C:\Program Files\Java\jdk1.8.0_202\jre\bin\net.dll
0x00007ffddb3a0000 - 0x00007ffddb58c000 	C:\WINDOWS\SYSTEM32\urlmon.dll
0x00007ffdda600000 - 0x00007ffdda8b1000 	C:\WINDOWS\SYSTEM32\iertutil.dll
0x00007ffdd9fe0000 - 0x00007ffdda008000 	C:\WINDOWS\SYSTEM32\srvcli.dll
0x00007ffde7270000 - 0x00007ffde727c000 	C:\WINDOWS\SYSTEM32\netutils.dll
0x00007ffde7230000 - 0x00007ffde726c000 	C:\WINDOWS\SYSTEM32\IPHLPAPI.DLL
0x00007ffde93f0000 - 0x00007ffde93f8000 	C:\WINDOWS\System32\NSI.dll
0x00007ffddf5a0000 - 0x00007ffddf5b7000 	C:\WINDOWS\SYSTEM32\dhcpcsvc6.DLL
0x00007ffddf580000 - 0x00007ffddf59d000 	C:\WINDOWS\SYSTEM32\dhcpcsvc.DLL
0x00007ffde7280000 - 0x00007ffde734b000 	C:\WINDOWS\SYSTEM32\DNSAPI.dll
0x00007ffdcd310000 - 0x00007ffdcd322000 	C:\Program Files\Java\jdk1.8.0_202\jre\bin\nio.dll
0x00000000637c0000 - 0x00000000637cd000 	C:\Users\Larisa Pomidor\AppData\Local\Temp\jogamp_0000\file_cache\jln8166135750019548196\jln5946685866093975704\gluegen-rt.dll
0x00007ffdcf400000 - 0x00007ffdcf407000 	C:\Program Files\Java\jdk1.8.0_202\jre\bin\jawt.dll
0x000000006a440000 - 0x000000006a44d000 	C:\Users\Larisa Pomidor\AppData\Local\Temp\jogamp_0000\file_cache\jln8166135750019548196\jln5946685866093975704\nativewindow_awt.dll
0x000000006c100000 - 0x000000006c10f000 	C:\Users\Larisa Pomidor\AppData\Local\Temp\jogamp_0000\file_cache\jln8166135750019548196\jln5946685866093975704\nativewindow_win32.dll
0x0000000064500000 - 0x00000000645a2000 	C:\Users\Larisa Pomidor\AppData\Local\Temp\jogamp_0000\file_cache\jln8166135750019548196\jln5946685866093975704\jogl_desktop.dll
0x00007ffde92d0000 - 0x00007ffde9379000 	C:\WINDOWS\System32\clbcatq.dll
0x00007ffd94470000 - 0x00007ffd9546e000 	C:\WINDOWS\System32\DriverStore\FileRepository\iigd_dch.inf_amd64_fbe1b7299322ac67\ig12icd64.dll
0x00007ffde67a0000 - 0x00007ffde6893000 	C:\WINDOWS\system32\dxgi.dll
0x00007ffdaae20000 - 0x00007ffdab227000 	C:\WINDOWS\System32\DriverStore\FileRepository\iigd_dch.inf_amd64_fbe1b7299322ac67\igdml64.dll
0x00007ffddc170000 - 0x00007ffddc41a000 	C:\WINDOWS\System32\DriverStore\FileRepository\iigd_dch.inf_amd64_fbe1b7299322ac67\igdgmm64.dll
0x00007ffdd4fd0000 - 0x00007ffdd7b5f000 	C:\WINDOWS\System32\DriverStore\FileRepository\iigd_dch.inf_amd64_fbe1b7299322ac67\igc64.dll
0x00007ffde7350000 - 0x00007ffde739b000 	C:\WINDOWS\SYSTEM32\powrprof.dll
0x00007ffde7210000 - 0x00007ffde7222000 	C:\WINDOWS\SYSTEM32\UMPDC.dll
0x00007ffde6080000 - 0x00007ffde6264000 	C:\WINDOWS\SYSTEM32\dbghelp.dll

VM Arguments:
jvm_args: -agentlib:jdwp=transport=dt_socket,address=127.0.0.1:51640,suspend=y,server=n -javaagent:C:\Users\LARISA~1\AppData\Local\Temp\captureAgent5jars\debugger-agent.jar -Dfile.encoding=UTF-8 
java_command: module4.EarthquakeCityMap
java_class_path (initial): C:\Program Files\Java\jdk1.8.0_202\jre\lib\charsets.jar;C:\Program Files\Java\jdk1.8.0_202\jre\lib\deploy.jar;C:\Program Files\Java\jdk1.8.0_202\jre\lib\ext\access-bridge-64.jar;C:\Program Files\Java\jdk1.8.0_202\jre\lib\ext\cldrdata.jar;C:\Program Files\Java\jdk1.8.0_202\jre\lib\ext\dnsns.jar;C:\Program Files\Java\jdk1.8.0_202\jre\lib\ext\jaccess.jar;C:\Program Files\Java\jdk1.8.0_202\jre\lib\ext\jfxrt.jar;C:\Program Files\Java\jdk1.8.0_202\jre\lib\ext\localedata.jar;C:\Program Files\Java\jdk1.8.0_202\jre\lib\ext\nashorn.jar;C:\Program Files\Java\jdk1.8.0_202\jre\lib\ext\sunec.jar;C:\Program Files\Java\jdk1.8.0_202\jre\lib\ext\sunjce_provider.jar;C:\Program Files\Java\jdk1.8.0_202\jre\lib\ext\sunmscapi.jar;C:\Program Files\Java\jdk1.8.0_202\jre\lib\ext\sunpkcs11.jar;C:\Program Files\Java\jdk1.8.0_202\jre\lib\ext\zipfs.jar;C:\Program Files\Java\jdk1.8.0_202\jre\lib\javaws.jar;C:\Program Files\Java\jdk1.8.0_202\jre\lib\jce.jar;C:\Program Files\Java\jdk1.8.0_202\jre\lib\jfr.jar;C:\Program Files\Java\jdk1.8.0_202\jre\lib\jfxswt.jar;C:\Program Files\Java\jdk1.8.0_202\jre\lib\jsse.jar;C:\Program Files\Java\jdk1.8.0_202\jre\lib\management-agent.jar;C:\Program Files\Java\jdk1.8.0_202\jre\lib\plugin.jar;C:\Program Files\Java\jdk1.8.0_202\jre\lib\resources.jar;C:\Program Files\Java\jdk1.8.0_202\jre\lib\rt.jar;C:\Users\Larisa Pomidor\Downloads\_3c3ec51e972ae18cabe2019f6aa77791_OOPStarterCode\UCSDUnfoldingMaps\build;C:\Users\Larisa Pomidor\Downloads\_3c3ec51e972ae18cabe2019f6aa77791_OOPStarterCode\UCSDUnfoldingMaps\lib\core.jar;C:\Users\Larisa Pomidor\Downloads\_3c3ec51e972ae18cabe2019f6aa77791_OOPStarterCode\UCSDUnfoldingMaps\lib\gluegen-rt.jar;C:\Users\Larisa Pomidor\Downloads\_3c3ec51e972ae18cabe2019f6aa77791_OOPStarterCode\UCSDUnfoldingMaps\lib\jogl-all.jar;C:\Users\Larisa Pomidor\Downloads\_3c3ec51e972ae18cabe2019f6aa77791_OOPStarterCode\UCSDUnfoldingMaps\lib\log4j-1.2.15.jar;C:\Users\Larisa Pomidor\Downloads\_3c3ec51e972ae18cabe2019f6aa77791_
Launcher Type: SUN_STANDARD

Environment Variables:
PATH=C:\Program Files (x86)\Common Files\Oracle\Java\javapath;C:\Program Files\Common Files\Oracle\Java\javapath;C:\WINDOWS\system32;C:\WINDOWS;C:\WINDOWS\System32\Wbem;C:\WINDOWS\System32\WindowsPowerShell\v1.0\;C:\WINDOWS\System32\OpenSSH\;D:\Programs\Git\cmd;C:\Program Files\dotnet\;D:\Programs\nvm;C:\Program Files\nodejs;D:\Programs\NodeJs\;C:\Program Files\Docker\Docker\resources\bin;C:\Program Files\MySQL\MySQL Shell 8.0\bin\;C:\Users\Larisa Pomidor\AppData\Local\Microsoft\WindowsApps;D:\Programs\Microsoft VS Code\bin;D:\Programs\JetBrains\IntelliJ IDEA Community Edition 2022.2\bin;;D:\Programs\nvm;C:\Program Files\nodejs;C:\Users\Larisa Pomidor\AppData\Roaming\npm
USERNAME=Larisa Pomidor
OS=Windows_NT
PROCESSOR_IDENTIFIER=Intel64 Family 6 Model 140 Stepping 1, GenuineIntel



---------------  S Y S T E M  ---------------

OS: Windows 10.0 , 64 bit Build 19041 (10.0.19041.2788)

CPU:total 8 (initial active 8) (4 cores per cpu, 2 threads per core) family 6 model 140 stepping 1, cmov, cx8, fxsr, mmx, sse, sse2, sse3, ssse3, sse4.1, sse4.2, popcnt, avx, avx2, aes, clmul, erms, 3dnowpref, lzcnt, ht, tsc, tscinvbit, bmi1, bmi2, adx

Memory: 4k page, physical 16555320k(3006144k free), swap 27607272k(7056156k free)

vm_info: Java HotSpot(TM) 64-Bit Server VM (25.202-b08) for windows-amd64 JRE (1.8.0_202-b08), built on Dec 15 2018 19:54:30 by "java_re" with MS VC++ 10.0 (VS2010)

time: Wed May 10 19:46:38 2023
timezone: Финляндия (лето)
elapsed time: 7 seconds (0d 0h 0m 7s)

