#
# A fatal error has been detected by the Java Runtime Environment:
#
#  EXCEPTION_ACCESS_VIOLATION (0xc0000005) at pc=0x00007ffd946fdfd6, pid=59808, tid=0x00000000000112ac
#
# JRE version: Java(TM) SE Runtime Environment (8.0_202-b08) (build 1.8.0_202-b08)
# Java VM: Java HotSpot(TM) 64-Bit Server VM (25.202-b08 mixed mode windows-amd64 compressed oops)
# Problematic frame:
# C  [ig12icd64.dll+0x28dfd6]
#
# Failed to write core dump. Minidumps are not enabled by default on client versions of Windows
#
# If you would like to submit a bug report, please visit:
#   http://bugreport.java.com/bugreport/crash.jsp
#

---------------  T H R E A D  ---------------

Current thread (0x000000001ce89800):  VMThread [stack: 0x000000001eb60000,0x000000001ec60000] [id=70316]

siginfo: ExceptionCode=0xc0000005, reading address 0x00000000000353c8

Registers:
RAX=0x000000002d1d6880, RBX=0x000000002d1d67b0, RCX=0x0000000000000000, RDX=0x000000002d1d6880
RSP=0x000000001ec5e310, RBP=0x000000001ec5e410, RSI=0x000000002d1d6cc8, RDI=0x0000000023fd2fb0
R8 =0x0000000000000000, R9 =0x0000000000000000, R10=0x0000000000000000, R11=0x0000000000000246
R12=0x000000002d1d67b0, R13=0x0000000000000000, R14=0x0000000000000000, R15=0x0000000000000016
RIP=0x00007ffd946fdfd6, EFLAGS=0x0000000000010202

Top of Stack: (sp=0x000000001ec5e310)
0x000000001ec5e310:   00000000013c3ff0 0000000023fd3190
0x000000001ec5e320:   000000001ec5e308 0000000000000000
0x000000001ec5e330:   0000000000000000 0000000000000000
0x000000001ec5e340:   0000000000000016 0000000000000000
0x000000001ec5e350:   000000002d1d5170 0000000000000000
0x000000001ec5e360:   00000000013c3ff0 00000000625747a0
0x000000001ec5e370:   000000001ec5e630 0000000009000009
0x000000001ec5e380:   0000000000000000 0000000000000000
0x000000001ec5e390:   0000000000007ff0 0000000000007fe8
0x000000001ec5e3a0:   0000000000000001 00000000032b0000
0x000000001ec5e3b0:   00000000000007ff 00007ffdea71b44d
0x000000001ec5e3c0:   00000000032b0000 0000000000000002
0x000000001ec5e3d0:   0000000000007fe8 0000000000000000
0x000000001ec5e3e0:   0000000000000000 000000001ec5e3f4
0x000000001ec5e3f0:   0000000300000000 0000000000000000
0x000000001ec5e400:   0000000000000000 0000000000000000 

Instructions: (pc=0x00007ffd946fdfd6)
0x00007ffd946fdfb6:   8b c1 83 e0 0f 48 c1 e0 06 48 03 c2 48 85 c0 74
0x00007ffd946fdfc6:   0c 4c 8b 40 08 eb 09 48 83 c0 08 eb ef 4d 8b c2
0x00007ffd946fdfd6:   4d 3b 86 c8 53 03 00 0f 86 4d 01 00 00 83 f9 10
0x00007ffd946fdfe6:   73 05 48 8b c1 eb 56 44 8d 41 f0 41 8b c0 c1 e8 


Register to memory mapping:

RAX=0x000000002d1d6880 is an unknown value
RBX=0x000000002d1d67b0 is an unknown value
RCX=0x0000000000000000 is an unknown value
RDX=0x000000002d1d6880 is an unknown value
RSP=0x000000001ec5e310 is an unknown value
RBP=0x000000001ec5e410 is an unknown value
RSI=0x000000002d1d6cc8 is an unknown value
RDI=0x0000000023fd2fb0 is an unknown value
R8 =0x0000000000000000 is an unknown value
R9 =0x0000000000000000 is an unknown value
R10=0x0000000000000000 is an unknown value
R11=0x0000000000000246 is an unknown value
R12=0x000000002d1d67b0 is an unknown value
R13=0x0000000000000000 is an unknown value
R14=0x0000000000000000 is an unknown value
R15=0x0000000000000016 is an unknown value


Stack: [0x000000001eb60000,0x000000001ec60000],  sp=0x000000001ec5e310,  free space=1016k
Native frames: (J=compiled Java code, j=interpreted, Vv=VM code, C=native code)
C  [ig12icd64.dll+0x28dfd6]
C  [ig12icd64.dll+0xb144a]
C  [ig12icd64.dll+0xf561c]
C  [ig12icd64.dll+0xdea03]
C  [ig12icd64.dll+0x3112c6]
C  [ig12icd64.dll+0x9d72d2]
C  [ig12icd64.dll+0xfa09d]
C  [ig12icd64.dll+0xf9ed6]
C  [ig12icd64.dll+0x7cdfeb]
C  [ntdll.dll+0x19a1d]
C  [ntdll.dll+0x5dcec]
C  [ntdll.dll+0x5da7d]
C  [KERNEL32.DLL+0x1e80b]
C  [msvcr100.dll+0x20ccd]
V  [jvm.dll+0x214045]
V  [jvm.dll+0x24d5d7]
V  [jvm.dll+0x24c876]
V  [jvm.dll+0x24cd11]
V  [jvm.dll+0x24cf2e]
V  [jvm.dll+0x29fc6a]
C  [msvcr100.dll+0x21d9f]
C  [msvcr100.dll+0x21e3b]
C  [KERNEL32.DLL+0x17604]
C  [ntdll.dll+0x526a1]

VM_Operation (0x0000000033c2ee80): Exit, mode: safepoint, requested by thread 0x00000000340a9000


---------------  P R O C E S S  ---------------

Java Threads: ( => current thread )
  0x00000000340a9000 JavaThread "SIGINT handler" daemon [_thread_blocked, id=69152, stack(0x0000000033b30000,0x0000000033c30000)]
  0x00000000340b0000 JavaThread "Image Fetcher 3" daemon [_thread_blocked, id=69256, stack(0x0000000032ac0000,0x0000000032bc0000)]
  0x00000000340ae800 JavaThread "Image Fetcher 2" daemon [_thread_blocked, id=71664, stack(0x00000000329c0000,0x0000000032ac0000)]
  0x00000000340af000 JavaThread "Image Fetcher 1" daemon [_thread_blocked, id=49260, stack(0x00000000318e0000,0x00000000319e0000)]
  0x00000000340aa800 JavaThread "Image Fetcher 0" daemon [_thread_blocked, id=69868, stack(0x000000001f770000,0x000000001f870000)]
  0x00000000340ad800 JavaThread "Keep-Alive-Timer" daemon [_thread_blocked, id=69856, stack(0x000000001f570000,0x000000001f670000)]
  0x0000000003464000 JavaThread "DestroyJavaVM" [_thread_blocked, id=71420, stack(0x0000000003120000,0x0000000003220000)]
  0x00000000202ab800 JavaThread "Animation Thread" [_thread_blocked, id=68224, stack(0x0000000021980000,0x0000000021a80000)]
  0x0000000020249800 JavaThread "AWT-EventQueue-0" [_thread_blocked, id=67972, stack(0x0000000021480000,0x0000000021580000)]
  0x000000002019e800 JavaThread "AWT-Shutdown" [_thread_blocked, id=56484, stack(0x0000000020990000,0x0000000020a90000)]
  0x000000002019d800 JavaThread "Java2D Disposer" daemon [_thread_blocked, id=71488, stack(0x00000000207c0000,0x00000000208c0000)]
  0x000000001edd9000 JavaThread "Service Thread" daemon [_thread_blocked, id=37236, stack(0x000000001fc70000,0x000000001fd70000)]
  0x000000001ed17800 JavaThread "C1 CompilerThread3" daemon [_thread_blocked, id=66932, stack(0x000000001fb70000,0x000000001fc70000)]
  0x000000001ed17000 JavaThread "C2 CompilerThread2" daemon [_thread_blocked, id=71536, stack(0x000000001fa70000,0x000000001fb70000)]
  0x000000001ed16000 JavaThread "C2 CompilerThread1" daemon [_thread_blocked, id=62216, stack(0x000000001f970000,0x000000001fa70000)]
  0x000000001ecc9800 JavaThread "C2 CompilerThread0" daemon [_thread_blocked, id=70132, stack(0x000000001f870000,0x000000001f970000)]
  0x000000001eca9800 JavaThread "JDWP Event Helper Thread" daemon [_thread_blocked, id=69636, stack(0x000000001f670000,0x000000001f770000)]
  0x000000001ec93800 JavaThread "Attach Listener" daemon [_thread_blocked, id=71100, stack(0x000000001f470000,0x000000001f570000)]
  0x000000001ce9e000 JavaThread "Signal Dispatcher" daemon [_thread_blocked, id=70608, stack(0x000000001f370000,0x000000001f470000)]
  0x000000001ec81800 JavaThread "Finalizer" daemon [_thread_blocked, id=68112, stack(0x000000001f160000,0x000000001f260000)]
  0x000000001ec80800 JavaThread "Reference Handler" daemon [_thread_blocked, id=67528, stack(0x000000001f060000,0x000000001f160000)]

Other Threads:
=>0x000000001ce89800 VMThread [stack: 0x000000001eb60000,0x000000001ec60000] [id=70316]

VM state:at safepoint (shutting down)

VM Mutex/Monitor currently owned by a thread:  ([mutex/lock_event])
[0x00000000034616d0] Threads_lock - owner thread: 0x000000001ce89800

heap address: 0x00000006c3600000, size: 4042 MB, Compressed Oops mode: Zero based, Oop shift amount: 3
Narrow klass base: 0x0000000000000000, Narrow klass shift: 3
Compressed class space size: 1073741824 Address: 0x00000007c0000000

Heap:
 PSYoungGen      total 75776K, used 55624K [0x000000076bd00000, 0x0000000775100000, 0x00000007c0000000)
  eden space 65024K, 71% used [0x000000076bd00000,0x000000076ea7d418,0x000000076fc80000)
  from space 10752K, 84% used [0x000000076fc80000,0x0000000770554eb0,0x0000000770700000)
  to   space 10752K, 0% used [0x0000000774680000,0x0000000774680000,0x0000000775100000)
 ParOldGen       total 173568K, used 0K [0x00000006c3600000, 0x00000006cdf80000, 0x000000076bd00000)
  object space 173568K, 0% used [0x00000006c3600000,0x00000006c3600000,0x00000006cdf80000)
 Metaspace       used 20253K, capacity 20503K, committed 20864K, reserved 1069056K
  class space    used 1984K, capacity 2069K, committed 2176K, reserved 1048576K

Card table byte_map: [0x0000000012920000,0x0000000013110000] byte_map_base: 0x000000000f305000

Marking Bits: (ParMarkBitMap*) 0x0000000062795ce0
 Begin Bits: [0x0000000013e60000, 0x0000000017d88000)
 End Bits:   [0x0000000017d88000, 0x000000001bcb0000)

Polling page: 0x00000000018a0000

CodeCache: size=245760Kb used=5683Kb max_used=5683Kb free=240076Kb
 bounds [0x0000000003560000, 0x0000000003af0000, 0x0000000012560000]
 total_blobs=2255 nmethods=1367 adapters=809
 compilation: enabled

Compilation events (10 events):
Event: 40.908 Thread 0x000000001ed17800 nmethod 1366 0x0000000003aea790 code [0x0000000003aea8e0, 0x0000000003aea9f0]
Event: 40.908 Thread 0x000000001ed17800 1367       3       sun.nio.ch.Util$BufferCache::next (8 bytes)
Event: 40.909 Thread 0x000000001ed17800 nmethod 1367 0x0000000003aeaa50 code [0x0000000003aeabc0, 0x0000000003aead90]
Event: 40.909 Thread 0x000000001ed17800 1368   !   3       sun.nio.ch.FileChannelImpl::position (258 bytes)
Event: 40.910 Thread 0x000000001ed17800 nmethod 1368 0x0000000003aeae50 code [0x0000000003aeb0c0, 0x0000000003aec168]
Event: 40.910 Thread 0x000000001ed17800 1369       3       sun.nio.ch.FileDispatcherImpl::seek (6 bytes)
Event: 40.910 Thread 0x000000001ed17800 nmethod 1369 0x0000000003aeca10 code [0x0000000003aecb80, 0x0000000003aecd28]
Event: 40.910 Thread 0x000000001ed17800 1370       3       sun.nio.ch.Util$BufferCache::get (164 bytes)
Event: 40.910 Thread 0x000000001ed17800 nmethod 1370 0x0000000003aecdd0 code [0x0000000003aecfc0, 0x0000000003aedb68]
Event: 40.910 Thread 0x000000001ed16000 1371       4       java.nio.HeapByteBuffer::get (14 bytes)

GC Heap History (2 events):
Event: 1.148 GC heap before
{Heap before GC invocations=1 (full 0):
 PSYoungGen      total 75776K, used 65024K [0x000000076bd00000, 0x0000000771180000, 0x00000007c0000000)
  eden space 65024K, 100% used [0x000000076bd00000,0x000000076fc80000,0x000000076fc80000)
  from space 10752K, 0% used [0x0000000770700000,0x0000000770700000,0x0000000771180000)
  to   space 10752K, 0% used [0x000000076fc80000,0x000000076fc80000,0x0000000770700000)
 ParOldGen       total 173568K, used 0K [0x00000006c3600000, 0x00000006cdf80000, 0x000000076bd00000)
  object space 173568K, 0% used [0x00000006c3600000,0x00000006c3600000,0x00000006cdf80000)
 Metaspace       used 16763K, capacity 17003K, committed 17152K, reserved 1064960K
  class space    used 1612K, capacity 1697K, committed 1792K, reserved 1048576K
Event: 1.160 GC heap after
Heap after GC invocations=1 (full 0):
 PSYoungGen      total 75776K, used 9043K [0x000000076bd00000, 0x0000000775100000, 0x00000007c0000000)
  eden space 65024K, 0% used [0x000000076bd00000,0x000000076bd00000,0x000000076fc80000)
  from space 10752K, 84% used [0x000000076fc80000,0x0000000770554eb0,0x0000000770700000)
  to   space 10752K, 0% used [0x0000000774680000,0x0000000774680000,0x0000000775100000)
 ParOldGen       total 173568K, used 0K [0x00000006c3600000, 0x00000006cdf80000, 0x000000076bd00000)
  object space 173568K, 0% used [0x00000006c3600000,0x00000006c3600000,0x00000006cdf80000)
 Metaspace       used 16763K, capacity 17003K, committed 17152K, reserved 1064960K
  class space    used 1612K, capacity 1697K, committed 1792K, reserved 1048576K
}

Deoptimization events (10 events):
Event: 40.795 Thread 0x0000000020249800 Uncommon trap: reason=class_check action=maybe_recompile pc=0x00000000039e6794 method=com.jogamp.common.nio.Buffers.getDirectBufferByteOffset(Ljava/lang/Object;)I @ 42
Event: 40.796 Thread 0x0000000020249800 Uncommon trap: reason=unstable_if action=reinterpret pc=0x0000000003970414 method=java.io.BufferedReader.readLine(Z)Ljava/lang/String; @ 153
Event: 40.797 Thread 0x0000000020249800 Uncommon trap: reason=unstable_if action=reinterpret pc=0x000000000391fcd4 method=java.io.BufferedReader.readLine(Z)Ljava/lang/String; @ 153
Event: 40.797 Thread 0x00000000340aa000 Uncommon trap: reason=unstable_if action=reinterpret pc=0x0000000003931b88 method=java.lang.String.regionMatches(ZILjava/lang/String;II)Z @ 123
Event: 40.797 Thread 0x0000000022d2c800 Uncommon trap: reason=unstable_if action=reinterpret pc=0x0000000003931b88 method=java.lang.String.regionMatches(ZILjava/lang/String;II)Z @ 123
Event: 40.797 Thread 0x00000000340ad000 Uncommon trap: reason=unstable_if action=reinterpret pc=0x0000000003931b88 method=java.lang.String.regionMatches(ZILjava/lang/String;II)Z @ 123
Event: 40.800 Thread 0x0000000020249800 Uncommon trap: reason=unstable_if action=reinterpret pc=0x0000000003938b60 method=java.lang.String.trim()Ljava/lang/String; @ 23
Event: 40.860 Thread 0x0000000020249800 Uncommon trap: reason=class_check action=maybe_recompile pc=0x00000000039e6794 method=com.jogamp.common.nio.Buffers.getDirectBufferByteOffset(Ljava/lang/Object;)I @ 42
Event: 40.897 Thread 0x0000000020249800 Uncommon trap: reason=class_check action=maybe_recompile pc=0x00000000039a0f78 method=java.util.Arrays.copyOf([Ljava/lang/Object;ILjava/lang/Class;)[Ljava/lang/Object; @ 24
Event: 40.898 Thread 0x0000000020249800 Uncommon trap: reason=unstable_if action=reinterpret pc=0x000000000369fe00 method=java.lang.CharacterData.of(I)Ljava/lang/CharacterData; @ 4

Classes redefined (0 events):
No events

Internal exceptions (10 events):
Event: 0.128 Thread 0x0000000003464000 Exception <a 'java/security/PrivilegedActionException'> (0x000000076c344830) thrown at [C:\re\workspace\8-2-build-windows-amd64-cygwin\jdk8u202\12323\hotspot\src\share\vm\prims\jvm.cpp, line 1502]
Event: 0.128 Thread 0x0000000003464000 Exception <a 'java/security/PrivilegedActionException'> (0x000000076c344a40) thrown at [C:\re\workspace\8-2-build-windows-amd64-cygwin\jdk8u202\12323\hotspot\src\share\vm\prims\jvm.cpp, line 1502]
Event: 0.137 Thread 0x0000000003464000 Exception <a 'java/io/FileNotFoundException'> (0x000000076c374a20) thrown at [C:\re\workspace\8-2-build-windows-amd64-cygwin\jdk8u202\12323\hotspot\src\share\vm\prims\jni.cpp, line 710]
Event: 0.168 Thread 0x0000000003464000 Exception <a 'java/lang/NoSuchFieldError': method resolution failed> (0x000000076c505528) thrown at [C:\re\workspace\8-2-build-windows-amd64-cygwin\jdk8u202\12323\hotspot\src\share\vm\prims\methodHandles.cpp, line 1167]
Event: 0.170 Thread 0x0000000003464000 Exception <a 'java/lang/NoSuchFieldError': method resolution failed> (0x000000076c5139b8) thrown at [C:\re\workspace\8-2-build-windows-amd64-cygwin\jdk8u202\12323\hotspot\src\share\vm\prims\methodHandles.cpp, line 1167]
Event: 0.220 Thread 0x0000000003464000 Exception <a 'java/io/FileNotFoundException'> (0x000000076c9af600) thrown at [C:\re\workspace\8-2-build-windows-amd64-cygwin\jdk8u202\12323\hotspot\src\share\vm\prims\jni.cpp, line 710]
Event: 0.301 Thread 0x0000000003464000 Exception <a 'java/lang/NullPointerException'> (0x000000076cef5988) thrown at [C:\re\workspace\8-2-build-windows-amd64-cygwin\jdk8u202\12323\hotspot\src\share\vm\interpreter\linkResolver.cpp, line 1287]
Event: 1.218 Thread 0x00000000202ab800 Exception <a 'java/lang/InterruptedException'> (0x000000076c288388) thrown at [C:\re\workspace\8-2-build-windows-amd64-cygwin\jdk8u202\12323\hotspot\src\share\vm\runtime\objectMonitor.cpp, line 1684]
Event: 1.235 Thread 0x00000000202ab800 Exception <a 'java/lang/reflect/InvocationTargetException'> (0x000000076c3c4bf8) thrown at [C:\re\workspace\8-2-build-windows-amd64-cygwin\jdk8u202\12323\hotspot\src\share\vm\runtime\reflection.cpp, line 1092]
Event: 1.477 Thread 0x0000000020249800 Implicit null exception at 0x000000000390206f to 0x0000000003902105

Events (10 events):
Event: 40.897 Thread 0x0000000020249800 DEOPT UNPACKING pc=0x00000000035a583b sp=0x000000002157cbf0 mode 2
Event: 40.898 Thread 0x0000000020249800 Uncommon trap: trap_request=0xffffff65 fr.pc=0x000000000369fe00
Event: 40.898 Thread 0x0000000020249800 DEOPT PACKING pc=0x000000000369fe00 sp=0x000000002157bd50
Event: 40.898 Thread 0x0000000020249800 DEOPT UNPACKING pc=0x00000000035a583b sp=0x000000002157bcf0 mode 2
Event: 40.898 loading class java/lang/CharacterData00
Event: 40.899 loading class java/lang/CharacterData00 done
Event: 40.899 Executing VM operation: Deoptimize
Event: 40.899 Executing VM operation: Deoptimize done
Event: 40.910 Thread 0x0000000030ead000 Thread exited: 0x0000000030ead000
Event: 40.910 Executing VM operation: Exit


Dynamic libraries:
0x00007ff7b8280000 - 0x00007ff7b82b7000 	C:\Program Files\Java\jdk1.8.0_202\bin\java.exe
0x00007ffdea6f0000 - 0x00007ffdea8e8000 	C:\WINDOWS\SYSTEM32\ntdll.dll
0x00007ffde8e50000 - 0x00007ffde8f0f000 	C:\WINDOWS\System32\KERNEL32.DLL
0x00007ffde7e50000 - 0x00007ffde812a000 	C:\WINDOWS\System32\KERNELBASE.dll
0x00007ffde8b10000 - 0x00007ffde8bbe000 	C:\WINDOWS\System32\ADVAPI32.dll
0x00007ffde8d30000 - 0x00007ffde8dce000 	C:\WINDOWS\System32\msvcrt.dll
0x00007ffde9d70000 - 0x00007ffde9e0c000 	C:\WINDOWS\System32\sechost.dll
0x00007ffdea580000 - 0x00007ffdea6a6000 	C:\WINDOWS\System32\RPCRT4.dll
0x00007ffde9f60000 - 0x00007ffdea0fd000 	C:\WINDOWS\System32\USER32.dll
0x00007ffde8720000 - 0x00007ffde8742000 	C:\WINDOWS\System32\win32u.dll
0x00007ffde9e10000 - 0x00007ffde9e3b000 	C:\WINDOWS\System32\GDI32.dll
0x00007ffde8320000 - 0x00007ffde8430000 	C:\WINDOWS\System32\gdi32full.dll
0x00007ffde8430000 - 0x00007ffde84cd000 	C:\WINDOWS\System32\msvcp_win.dll
0x00007ffde8620000 - 0x00007ffde8720000 	C:\WINDOWS\System32\ucrtbase.dll
0x00007ffdc33f0000 - 0x00007ffdc368a000 	C:\WINDOWS\WinSxS\amd64_microsoft.windows.common-controls_6595b64144ccf1df_6.0.19041.1110_none_60b5254171f9507e\COMCTL32.dll
0x00007ffde8d00000 - 0x00007ffde8d30000 	C:\WINDOWS\System32\IMM32.DLL
0x0000000062820000 - 0x00000000628f2000 	C:\Program Files\Java\jdk1.8.0_202\jre\bin\msvcr100.dll
0x0000000061f70000 - 0x0000000062815000 	C:\Program Files\Java\jdk1.8.0_202\jre\bin\server\jvm.dll
0x00007ffdea100000 - 0x00007ffdea108000 	C:\WINDOWS\System32\PSAPI.DLL
0x00007ffdc5f30000 - 0x00007ffdc5f39000 	C:\WINDOWS\SYSTEM32\WSOCK32.dll
0x00007ffdde8a0000 - 0x00007ffdde8aa000 	C:\WINDOWS\SYSTEM32\VERSION.dll
0x00007ffde6290000 - 0x00007ffde62b7000 	C:\WINDOWS\SYSTEM32\WINMM.dll
0x00007ffde9380000 - 0x00007ffde93eb000 	C:\WINDOWS\System32\WS2_32.dll
0x00007ffde0230000 - 0x00007ffde023f000 	C:\Program Files\Java\jdk1.8.0_202\jre\bin\verify.dll
0x00007ffdd7c30000 - 0x00007ffdd7c59000 	C:\Program Files\Java\jdk1.8.0_202\jre\bin\java.dll
0x00007ffdd7bf0000 - 0x00007ffdd7c25000 	C:\Program Files\Java\jdk1.8.0_202\jre\bin\jdwp.dll
0x00007ffdd92e0000 - 0x00007ffdd92e8000 	C:\Program Files\Java\jdk1.8.0_202\jre\bin\npt.dll
0x00007ffdcf110000 - 0x00007ffdcf133000 	C:\Program Files\Java\jdk1.8.0_202\jre\bin\instrument.dll
0x00007ffdd9550000 - 0x00007ffdd9566000 	C:\Program Files\Java\jdk1.8.0_202\jre\bin\zip.dll
0x00007ffde9620000 - 0x00007ffde9d64000 	C:\WINDOWS\System32\SHELL32.dll
0x00007ffde57d0000 - 0x00007ffde5f63000 	C:\WINDOWS\SYSTEM32\windows.storage.dll
0x00007ffde8f10000 - 0x00007ffde9264000 	C:\WINDOWS\System32\combase.dll
0x00007ffde7860000 - 0x00007ffde788e000 	C:\WINDOWS\SYSTEM32\Wldp.dll
0x00007ffde9400000 - 0x00007ffde94ad000 	C:\WINDOWS\System32\SHCORE.dll
0x00007ffde94b0000 - 0x00007ffde9505000 	C:\WINDOWS\System32\shlwapi.dll
0x00007ffde7d40000 - 0x00007ffde7d5f000 	C:\WINDOWS\SYSTEM32\profapi.dll
0x00007ffdd9270000 - 0x00007ffdd9279000 	C:\Program Files\Java\jdk1.8.0_202\jre\bin\dt_socket.dll
0x00007ffde75a0000 - 0x00007ffde760a000 	C:\WINDOWS\system32\mswsock.dll
0x00007ffdbff90000 - 0x00007ffdc0129000 	C:\Program Files\Java\jdk1.8.0_202\jre\bin\awt.dll
0x00007ffde8750000 - 0x00007ffde881d000 	C:\WINDOWS\System32\OLEAUT32.dll
0x00007ffde4f50000 - 0x00007ffde4fe0000 	C:\WINDOWS\SYSTEM32\apphelp.dll
0x00007ffde53c0000 - 0x00007ffde53ef000 	C:\WINDOWS\system32\DWMAPI.DLL
0x00007ffde5000000 - 0x00007ffde509e000 	C:\WINDOWS\system32\uxtheme.dll
0x00007ffdc0c40000 - 0x00007ffdc0d65000 	C:\WINDOWS\system32\opengl32.dll
0x00007ffdc6320000 - 0x00007ffdc634c000 	C:\WINDOWS\SYSTEM32\GLU32.dll
0x00007ffde9e40000 - 0x00007ffde9f54000 	C:\WINDOWS\System32\MSCTF.dll
0x00007ffde89e0000 - 0x00007ffde8b0a000 	C:\WINDOWS\System32\ole32.dll
0x00007ffde6660000 - 0x00007ffde6672000 	C:\WINDOWS\SYSTEM32\kernel.appcore.dll
0x00007ffde8130000 - 0x00007ffde81b2000 	C:\WINDOWS\System32\bcryptPrimitives.dll
0x00007ffdc5dc0000 - 0x00007ffdc5e07000 	C:\Program Files\Java\jdk1.8.0_202\jre\bin\fontmanager.dll
0x00007ffde0030000 - 0x00007ffde0129000 	C:\WINDOWS\SYSTEM32\textinputframework.dll
0x00007ffde49c0000 - 0x00007ffde4d1e000 	C:\WINDOWS\System32\CoreUIComponents.dll
0x00007ffde4e20000 - 0x00007ffde4f12000 	C:\WINDOWS\System32\CoreMessaging.dll
0x00007ffde6f80000 - 0x00007ffde6fb3000 	C:\WINDOWS\SYSTEM32\ntmarta.dll
0x00007ffde4400000 - 0x00007ffde4554000 	C:\WINDOWS\SYSTEM32\wintypes.dll
0x00007ffde77b0000 - 0x00007ffde77c8000 	C:\WINDOWS\SYSTEM32\CRYPTSP.dll
0x00007ffde6e30000 - 0x00007ffde6e64000 	C:\WINDOWS\system32\rsaenh.dll
0x00007ffde84d0000 - 0x00007ffde84f7000 	C:\WINDOWS\System32\bcrypt.dll
0x00007ffde7cc0000 - 0x00007ffde7cee000 	C:\WINDOWS\SYSTEM32\USERENV.dll
0x00007ffde77d0000 - 0x00007ffde77dc000 	C:\WINDOWS\SYSTEM32\CRYPTBASE.dll
0x00007ffdd8ab0000 - 0x00007ffdd8aca000 	C:\Program Files\Java\jdk1.8.0_202\jre\bin\net.dll
0x00007ffddb3a0000 - 0x00007ffddb58c000 	C:\WINDOWS\SYSTEM32\urlmon.dll
0x00007ffdd9fe0000 - 0x00007ffdda008000 	C:\WINDOWS\SYSTEM32\srvcli.dll
0x00007ffdda600000 - 0x00007ffdda8b1000 	C:\WINDOWS\SYSTEM32\iertutil.dll
0x00007ffde7270000 - 0x00007ffde727c000 	C:\WINDOWS\SYSTEM32\netutils.dll
0x00007ffde7230000 - 0x00007ffde726c000 	C:\WINDOWS\SYSTEM32\IPHLPAPI.DLL
0x00007ffde93f0000 - 0x00007ffde93f8000 	C:\WINDOWS\System32\NSI.dll
0x00007ffddf5a0000 - 0x00007ffddf5b7000 	C:\WINDOWS\SYSTEM32\dhcpcsvc6.DLL
0x00007ffddf580000 - 0x00007ffddf59d000 	C:\WINDOWS\SYSTEM32\dhcpcsvc.DLL
0x00007ffde7280000 - 0x00007ffde734b000 	C:\WINDOWS\SYSTEM32\DNSAPI.dll
0x00007ffdcd310000 - 0x00007ffdcd322000 	C:\Program Files\Java\jdk1.8.0_202\jre\bin\nio.dll
0x00000000637c0000 - 0x00000000637cd000 	C:\Users\Larisa Pomidor\AppData\Local\Temp\jogamp_0000\file_cache\jln1596504544354280988\jln6564343433750911798\gluegen-rt.dll
0x00007ffdcf400000 - 0x00007ffdcf407000 	C:\Program Files\Java\jdk1.8.0_202\jre\bin\jawt.dll
0x000000006a440000 - 0x000000006a44d000 	C:\Users\Larisa Pomidor\AppData\Local\Temp\jogamp_0000\file_cache\jln1596504544354280988\jln6564343433750911798\nativewindow_awt.dll
0x000000006c100000 - 0x000000006c10f000 	C:\Users\Larisa Pomidor\AppData\Local\Temp\jogamp_0000\file_cache\jln1596504544354280988\jln6564343433750911798\nativewindow_win32.dll
0x0000000064500000 - 0x00000000645a2000 	C:\Users\Larisa Pomidor\AppData\Local\Temp\jogamp_0000\file_cache\jln1596504544354280988\jln6564343433750911798\jogl_desktop.dll
0x00007ffde92d0000 - 0x00007ffde9379000 	C:\WINDOWS\System32\clbcatq.dll
0x00007ffd94470000 - 0x00007ffd9546e000 	C:\WINDOWS\System32\DriverStore\FileRepository\iigd_dch.inf_amd64_fbe1b7299322ac67\ig12icd64.dll
0x00007ffde67a0000 - 0x00007ffde6893000 	C:\WINDOWS\system32\dxgi.dll
0x00007ffdaae20000 - 0x00007ffdab227000 	C:\WINDOWS\System32\DriverStore\FileRepository\iigd_dch.inf_amd64_fbe1b7299322ac67\igdml64.dll
0x00007ffddc170000 - 0x00007ffddc41a000 	C:\WINDOWS\System32\DriverStore\FileRepository\iigd_dch.inf_amd64_fbe1b7299322ac67\igdgmm64.dll
0x00007ffdd4fd0000 - 0x00007ffdd7b5f000 	C:\WINDOWS\System32\DriverStore\FileRepository\iigd_dch.inf_amd64_fbe1b7299322ac67\igc64.dll
0x00007ffde7350000 - 0x00007ffde739b000 	C:\WINDOWS\SYSTEM32\powrprof.dll
0x00007ffde7210000 - 0x00007ffde7222000 	C:\WINDOWS\SYSTEM32\UMPDC.dll
0x00007ffdde460000 - 0x00007ffdde46a000 	C:\Windows\System32\rasadhlp.dll
0x00007ffdde1d0000 - 0x00007ffdde250000 	C:\WINDOWS\System32\fwpuclnt.dll
0x00007ffdc5b10000 - 0x00007ffdc5b41000 	C:\Program Files\Java\jdk1.8.0_202\jre\bin\jpeg.dll
0x00007ffde6080000 - 0x00007ffde6264000 	C:\WINDOWS\SYSTEM32\dbghelp.dll

VM Arguments:
jvm_args: -agentlib:jdwp=transport=dt_socket,address=127.0.0.1:51650,suspend=y,server=n -javaagent:C:\Users\LARISA~1\AppData\Local\Temp\captureAgent10jars\debugger-agent.jar -Dfile.encoding=UTF-8 
java_command: module4.EarthquakeCityMap
java_class_path (initial): C:\Program Files\Java\jdk1.8.0_202\jre\lib\charsets.jar;C:\Program Files\Java\jdk1.8.0_202\jre\lib\deploy.jar;C:\Program Files\Java\jdk1.8.0_202\jre\lib\ext\access-bridge-64.jar;C:\Program Files\Java\jdk1.8.0_202\jre\lib\ext\cldrdata.jar;C:\Program Files\Java\jdk1.8.0_202\jre\lib\ext\dnsns.jar;C:\Program Files\Java\jdk1.8.0_202\jre\lib\ext\jaccess.jar;C:\Program Files\Java\jdk1.8.0_202\jre\lib\ext\jfxrt.jar;C:\Program Files\Java\jdk1.8.0_202\jre\lib\ext\localedata.jar;C:\Program Files\Java\jdk1.8.0_202\jre\lib\ext\nashorn.jar;C:\Program Files\Java\jdk1.8.0_202\jre\lib\ext\sunec.jar;C:\Program Files\Java\jdk1.8.0_202\jre\lib\ext\sunjce_provider.jar;C:\Program Files\Java\jdk1.8.0_202\jre\lib\ext\sunmscapi.jar;C:\Program Files\Java\jdk1.8.0_202\jre\lib\ext\sunpkcs11.jar;C:\Program Files\Java\jdk1.8.0_202\jre\lib\ext\zipfs.jar;C:\Program Files\Java\jdk1.8.0_202\jre\lib\javaws.jar;C:\Program Files\Java\jdk1.8.0_202\jre\lib\jce.jar;C:\Program Files\Java\jdk1.8.0_202\jre\lib\jfr.jar;C:\Program Files\Java\jdk1.8.0_202\jre\lib\jfxswt.jar;C:\Program Files\Java\jdk1.8.0_202\jre\lib\jsse.jar;C:\Program Files\Java\jdk1.8.0_202\jre\lib\management-agent.jar;C:\Program Files\Java\jdk1.8.0_202\jre\lib\plugin.jar;C:\Program Files\Java\jdk1.8.0_202\jre\lib\resources.jar;C:\Program Files\Java\jdk1.8.0_202\jre\lib\rt.jar;C:\Users\Larisa Pomidor\Downloads\_3c3ec51e972ae18cabe2019f6aa77791_OOPStarterCode\UCSDUnfoldingMaps\build;C:\Users\Larisa Pomidor\Downloads\_3c3ec51e972ae18cabe2019f6aa77791_OOPStarterCode\UCSDUnfoldingMaps\lib\core.jar;C:\Users\Larisa Pomidor\Downloads\_3c3ec51e972ae18cabe2019f6aa77791_OOPStarterCode\UCSDUnfoldingMaps\lib\gluegen-rt.jar;C:\Users\Larisa Pomidor\Downloads\_3c3ec51e972ae18cabe2019f6aa77791_OOPStarterCode\UCSDUnfoldingMaps\lib\jogl-all.jar;C:\Users\Larisa Pomidor\Downloads\_3c3ec51e972ae18cabe2019f6aa77791_OOPStarterCode\UCSDUnfoldingMaps\lib\log4j-1.2.15.jar;C:\Users\Larisa Pomidor\Downloads\_3c3ec51e972ae18cabe2019f6aa77791_
Launcher Type: SUN_STANDARD

Environment Variables:
PATH=C:\Program Files (x86)\Common Files\Oracle\Java\javapath;C:\Program Files\Common Files\Oracle\Java\javapath;C:\WINDOWS\system32;C:\WINDOWS;C:\WINDOWS\System32\Wbem;C:\WINDOWS\System32\WindowsPowerShell\v1.0\;C:\WINDOWS\System32\OpenSSH\;D:\Programs\Git\cmd;C:\Program Files\dotnet\;D:\Programs\nvm;C:\Program Files\nodejs;D:\Programs\NodeJs\;C:\Program Files\Docker\Docker\resources\bin;C:\Program Files\MySQL\MySQL Shell 8.0\bin\;C:\Users\Larisa Pomidor\AppData\Local\Microsoft\WindowsApps;D:\Programs\Microsoft VS Code\bin;D:\Programs\JetBrains\IntelliJ IDEA Community Edition 2022.2\bin;;D:\Programs\nvm;C:\Program Files\nodejs;C:\Users\Larisa Pomidor\AppData\Roaming\npm
USERNAME=Larisa Pomidor
OS=Windows_NT
PROCESSOR_IDENTIFIER=Intel64 Family 6 Model 140 Stepping 1, GenuineIntel



---------------  S Y S T E M  ---------------

OS: Windows 10.0 , 64 bit Build 19041 (10.0.19041.2788)

CPU:total 8 (initial active 8) (4 cores per cpu, 2 threads per core) family 6 model 140 stepping 1, cmov, cx8, fxsr, mmx, sse, sse2, sse3, ssse3, sse4.1, sse4.2, popcnt, avx, avx2, aes, clmul, erms, 3dnowpref, lzcnt, ht, tsc, tscinvbit, bmi1, bmi2, adx

Memory: 4k page, physical 16555320k(2648276k free), swap 27607272k(6532124k free)

vm_info: Java HotSpot(TM) 64-Bit Server VM (25.202-b08) for windows-amd64 JRE (1.8.0_202-b08), built on Dec 15 2018 19:54:30 by "java_re" with MS VC++ 10.0 (VS2010)

time: Wed May 10 19:47:43 2023
timezone: Финляндия (лето)
elapsed time: 40 seconds (0d 0h 0m 40s)

